CRITICAL - 2025-05-27 04:54:50 --> ErrorException: Undefined array key "phone"
[Method: POST, Route: User/register]
in APPPATH\Controllers\User.php on line 36.
 1 APPPATH\Controllers\User.php(36): CodeIgniter\Debug\Exceptions->errorHandler(2, 'Undefined array key "phone"', 'C:\\xampp\\htdocs\\Cukkuboo\\cukkuboo-php\\app\\Controllers\\User.php', 36)
 2 SYSTEMPATH\CodeIgniter.php(933): App\Controllers\User->registerFun()
 3 SYSTEMPATH\CodeIgniter.php(507): CodeIgniter\CodeIgniter->runController(Object(App\Controllers\User))
 4 SYSTEMPATH\CodeIgniter.php(354): CodeIgniter\CodeIgniter->handleRequest(null, Object(Config\Cache), false)
 5 SYSTEMPATH\Boot.php(334): CodeIgniter\CodeIgniter->run()
 6 SYSTEMPATH\Boot.php(67): CodeIgniter\Boot::runCodeIgniter(Object(CodeIgniter\CodeIgniter))
 7 FCPATH\index.php(59): CodeIgniter\Boot::bootWeb(Object(Config\Paths))
CRITICAL - 2025-05-27 05:10:22 --> Error: Call to undefined method App\Controllers\Category::respond()
[Method: GET, Route: Category/categories]
in APPPATH\Controllers\Category.php on line 21.
 1 SYSTEMPATH\CodeIgniter.php(933): App\Controllers\Category->categorylist()
 2 SYSTEMPATH\CodeIgniter.php(507): CodeIgniter\CodeIgniter->runController(Object(App\Controllers\Category))
 3 SYSTEMPATH\CodeIgniter.php(354): CodeIgniter\CodeIgniter->handleRequest(null, Object(Config\Cache), false)
 4 SYSTEMPATH\Boot.php(334): CodeIgniter\CodeIgniter->run()
 5 SYSTEMPATH\Boot.php(67): CodeIgniter\Boot::runCodeIgniter(Object(CodeIgniter\CodeIgniter))
 6 FCPATH\index.php(59): CodeIgniter\Boot::bootWeb(Object(Config\Paths))
CRITICAL - 2025-05-27 05:12:18 --> Error: Call to undefined method App\Controllers\Category::response()
[Method: GET, Route: Category/categories]
in APPPATH\Controllers\Category.php on line 21.
 1 SYSTEMPATH\CodeIgniter.php(933): App\Controllers\Category->categorylist()
 2 SYSTEMPATH\CodeIgniter.php(507): CodeIgniter\CodeIgniter->runController(Object(App\Controllers\Category))
 3 SYSTEMPATH\CodeIgniter.php(354): CodeIgniter\CodeIgniter->handleRequest(null, Object(Config\Cache), false)
 4 SYSTEMPATH\Boot.php(334): CodeIgniter\CodeIgniter->run()
 5 SYSTEMPATH\Boot.php(67): CodeIgniter\Boot::runCodeIgniter(Object(CodeIgniter\CodeIgniter))
 6 FCPATH\index.php(59): CodeIgniter\Boot::bootWeb(Object(Config\Paths))
CRITICAL - 2025-05-27 05:50:00 --> ParseError: Unclosed '{' on line 9
[Method: POST, Route: User/register]
in APPPATH\Controllers\User.php on line 76.
 1 SYSTEMPATH\Autoloader\Autoloader.php(295): CodeIgniter\Autoloader\Autoloader->includeFile('C:\\xampp\\htdocs\\Cukkuboo\\cukkuboo-php\\app\\Controllers\\User.php')
 2 SYSTEMPATH\Autoloader\Autoloader.php(271): CodeIgniter\Autoloader\Autoloader->loadInNamespace('App\\Controllers\\User')
 3 [internal function]: CodeIgniter\Autoloader\Autoloader->loadClass('App\\Controllers\\User')
 4 SYSTEMPATH\CodeIgniter.php(885): class_exists('\\App\\Controllers\\User', true)
 5 SYSTEMPATH\CodeIgniter.php(494): CodeIgniter\CodeIgniter->startController()
 6 SYSTEMPATH\CodeIgniter.php(354): CodeIgniter\CodeIgniter->handleRequest(null, Object(Config\Cache), false)
 7 SYSTEMPATH\Boot.php(334): CodeIgniter\CodeIgniter->run()
 8 SYSTEMPATH\Boot.php(67): CodeIgniter\Boot::runCodeIgniter(Object(CodeIgniter\CodeIgniter))
 9 FCPATH\index.php(59): CodeIgniter\Boot::bootWeb(Object(Config\Paths))
ERROR - 2025-05-27 05:59:43 --> mysqli_sql_exception: Unknown column 'categories.id' in 'where clause' in C:\xampp\htdocs\Cukkuboo\cukkuboo-php\system\Database\MySQLi\Connection.php:327
Stack trace:
#0 C:\xampp\htdocs\Cukkuboo\cukkuboo-php\system\Database\MySQLi\Connection.php(327): mysqli->query('SELECT *\nFROM `...', 0)
#1 C:\xampp\htdocs\Cukkuboo\cukkuboo-php\system\Database\BaseConnection.php(738): CodeIgniter\Database\MySQLi\Connection->execute('SELECT *\nFROM `...')
#2 C:\xampp\htdocs\Cukkuboo\cukkuboo-php\system\Database\BaseConnection.php(652): CodeIgniter\Database\BaseConnection->simpleQuery('SELECT *\nFROM `...')
#3 C:\xampp\htdocs\Cukkuboo\cukkuboo-php\system\Database\BaseBuilder.php(1649): CodeIgniter\Database\BaseConnection->query('SELECT *\nFROM `...', Array, false)
#4 C:\xampp\htdocs\Cukkuboo\cukkuboo-php\system\Model.php(210): CodeIgniter\Database\BaseBuilder->get()
#5 C:\xampp\htdocs\Cukkuboo\cukkuboo-php\system\BaseModel.php(613): CodeIgniter\Model->doFind(true, '3')
#6 C:\xampp\htdocs\Cukkuboo\cukkuboo-php\app\Controllers\Category.php(81): CodeIgniter\BaseModel->find('3')
#7 C:\xampp\htdocs\Cukkuboo\cukkuboo-php\system\CodeIgniter.php(933): App\Controllers\Category->delete('3')
#8 C:\xampp\htdocs\Cukkuboo\cukkuboo-php\system\CodeIgniter.php(507): CodeIgniter\CodeIgniter->runController(Object(App\Controllers\Category))
#9 C:\xampp\htdocs\Cukkuboo\cukkuboo-php\system\CodeIgniter.php(354): CodeIgniter\CodeIgniter->handleRequest(NULL, Object(Config\Cache), false)
#10 C:\xampp\htdocs\Cukkuboo\cukkuboo-php\system\Boot.php(334): CodeIgniter\CodeIgniter->run()
#11 C:\xampp\htdocs\Cukkuboo\cukkuboo-php\system\Boot.php(67): CodeIgniter\Boot::runCodeIgniter(Object(CodeIgniter\CodeIgniter))
#12 C:\xampp\htdocs\Cukkuboo\cukkuboo-php\index.php(59): CodeIgniter\Boot::bootWeb(Object(Config\Paths))
#13 {main}
CRITICAL - 2025-05-27 05:59:43 --> CodeIgniter\Database\Exceptions\DatabaseException: Unknown column 'categories.id' in 'where clause'
[Method: DELETE, Route: Category/categories/3]
in SYSTEMPATH\Database\BaseConnection.php on line 692.
 1 SYSTEMPATH\Database\BaseBuilder.php(1649): CodeIgniter\Database\BaseConnection->query('SELECT *
FROM `categories`
WHERE `categories`.`id` = :categories.id:', [...], false)
 2 SYSTEMPATH\Model.php(210): CodeIgniter\Database\BaseBuilder->get()
 3 SYSTEMPATH\BaseModel.php(613): CodeIgniter\Model->doFind(true, '3')
 4 APPPATH\Controllers\Category.php(81): CodeIgniter\BaseModel->find('3')
 5 SYSTEMPATH\CodeIgniter.php(933): App\Controllers\Category->delete('3')
 6 SYSTEMPATH\CodeIgniter.php(507): CodeIgniter\CodeIgniter->runController(Object(App\Controllers\Category))
 7 SYSTEMPATH\CodeIgniter.php(354): CodeIgniter\CodeIgniter->handleRequest(null, Object(Config\Cache), false)
 8 SYSTEMPATH\Boot.php(334): CodeIgniter\CodeIgniter->run()
 9 SYSTEMPATH\Boot.php(67): CodeIgniter\Boot::runCodeIgniter(Object(CodeIgniter\CodeIgniter))
10 FCPATH\index.php(59): CodeIgniter\Boot::bootWeb(Object(Config\Paths))
CRITICAL - 2025-05-27 05:59:43 --> [Caused by] CodeIgniter\Database\Exceptions\DatabaseException: Unknown column 'categories.id' in 'where clause'
in SYSTEMPATH\Database\MySQLi\Connection.php on line 332.
 1 SYSTEMPATH\Database\BaseConnection.php(738): CodeIgniter\Database\MySQLi\Connection->execute('SELECT *
FROM `categories`
WHERE `categories`.`id` = \'3\'')
 2 SYSTEMPATH\Database\BaseConnection.php(652): CodeIgniter\Database\BaseConnection->simpleQuery('SELECT *
FROM `categories`
WHERE `categories`.`id` = \'3\'')
 3 SYSTEMPATH\Database\BaseBuilder.php(1649): CodeIgniter\Database\BaseConnection->query('SELECT *
FROM `categories`
WHERE `categories`.`id` = :categories.id:', [...], false)
 4 SYSTEMPATH\Model.php(210): CodeIgniter\Database\BaseBuilder->get()
 5 SYSTEMPATH\BaseModel.php(613): CodeIgniter\Model->doFind(true, '3')
 6 APPPATH\Controllers\Category.php(81): CodeIgniter\BaseModel->find('3')
 7 SYSTEMPATH\CodeIgniter.php(933): App\Controllers\Category->delete('3')
 8 SYSTEMPATH\CodeIgniter.php(507): CodeIgniter\CodeIgniter->runController(Object(App\Controllers\Category))
 9 SYSTEMPATH\CodeIgniter.php(354): CodeIgniter\CodeIgniter->handleRequest(null, Object(Config\Cache), false)
10 SYSTEMPATH\Boot.php(334): CodeIgniter\CodeIgniter->run()
11 SYSTEMPATH\Boot.php(67): CodeIgniter\Boot::runCodeIgniter(Object(CodeIgniter\CodeIgniter))
12 FCPATH\index.php(59): CodeIgniter\Boot::bootWeb(Object(Config\Paths))
CRITICAL - 2025-05-27 05:59:43 --> [Caused by] mysqli_sql_exception: Unknown column 'categories.id' in 'where clause'
in SYSTEMPATH\Database\MySQLi\Connection.php on line 327.
 1 SYSTEMPATH\Database\MySQLi\Connection.php(327): mysqli->query('SELECT *
FROM `categories`
WHERE `categories`.`id` = \'3\'', 0)
 2 SYSTEMPATH\Database\BaseConnection.php(738): CodeIgniter\Database\MySQLi\Connection->execute('SELECT *
FROM `categories`
WHERE `categories`.`id` = \'3\'')
 3 SYSTEMPATH\Database\BaseConnection.php(652): CodeIgniter\Database\BaseConnection->simpleQuery('SELECT *
FROM `categories`
WHERE `categories`.`id` = \'3\'')
 4 SYSTEMPATH\Database\BaseBuilder.php(1649): CodeIgniter\Database\BaseConnection->query('SELECT *
FROM `categories`
WHERE `categories`.`id` = :categories.id:', [...], false)
 5 SYSTEMPATH\Model.php(210): CodeIgniter\Database\BaseBuilder->get()
 6 SYSTEMPATH\BaseModel.php(613): CodeIgniter\Model->doFind(true, '3')
 7 APPPATH\Controllers\Category.php(81): CodeIgniter\BaseModel->find('3')
 8 SYSTEMPATH\CodeIgniter.php(933): App\Controllers\Category->delete('3')
 9 SYSTEMPATH\CodeIgniter.php(507): CodeIgniter\CodeIgniter->runController(Object(App\Controllers\Category))
10 SYSTEMPATH\CodeIgniter.php(354): CodeIgniter\CodeIgniter->handleRequest(null, Object(Config\Cache), false)
11 SYSTEMPATH\Boot.php(334): CodeIgniter\CodeIgniter->run()
12 SYSTEMPATH\Boot.php(67): CodeIgniter\Boot::runCodeIgniter(Object(CodeIgniter\CodeIgniter))
13 FCPATH\index.php(59): CodeIgniter\Boot::bootWeb(Object(Config\Paths))
CRITICAL - 2025-05-27 06:01:30 --> Error: Call to undefined method App\Controllers\Category::respondDeleted()
[Method: DELETE, Route: Category/categories/3]
in APPPATH\Controllers\Category.php on line 87.
 1 SYSTEMPATH\CodeIgniter.php(933): App\Controllers\Category->delete('3')
 2 SYSTEMPATH\CodeIgniter.php(507): CodeIgniter\CodeIgniter->runController(Object(App\Controllers\Category))
 3 SYSTEMPATH\CodeIgniter.php(354): CodeIgniter\CodeIgniter->handleRequest(null, Object(Config\Cache), false)
 4 SYSTEMPATH\Boot.php(334): CodeIgniter\CodeIgniter->run()
 5 SYSTEMPATH\Boot.php(67): CodeIgniter\Boot::runCodeIgniter(Object(CodeIgniter\CodeIgniter))
 6 FCPATH\index.php(59): CodeIgniter\Boot::bootWeb(Object(Config\Paths))
