CRITICAL - 2025-06-09 03:43:26 --> CodeIgniter\Database\Exceptions\DataException: There is no data to update.
[Method: POST, Route: Login/forgot-password]
in SYSTEMPATH\BaseModel.php on line 1014.
 1 SYSTEMPATH\BaseModel.php(1014): CodeIgniter\Database\Exceptions\DataException::forEmptyDataset('update')
 2 SYSTEMPATH\Model.php(863): CodeIgniter\BaseModel->update([...], [])
 3 APPPATH\Controllers\Login.php(132): CodeIgniter\Model->update('7', [...])
 4 SYSTEMPATH\CodeIgniter.php(933): App\Controllers\Login->sendOtp()
 5 SYSTEMPATH\CodeIgniter.php(507): CodeIgniter\CodeIgniter->runController(Object(App\Controllers\Login))
 6 SYSTEMPATH\CodeIgniter.php(354): CodeIgniter\CodeIgniter->handleRequest(null, Object(Config\Cache), false)
 7 SYSTEMPATH\Boot.php(334): CodeIgniter\CodeIgniter->run()
 8 SYSTEMPATH\Boot.php(67): CodeIgniter\Boot::runCodeIgniter(Object(CodeIgniter\CodeIgniter))
 9 FCPATH\index.php(59): CodeIgniter\Boot::bootWeb(Object(Config\Paths))
CRITICAL - 2025-06-09 03:53:00 --> CodeIgniter\Database\Exceptions\DataException: There is no data to update.
[Method: POST, Route: Login/forgot-password]
in SYSTEMPATH\BaseModel.php on line 1014.
 1 SYSTEMPATH\BaseModel.php(1014): CodeIgniter\Database\Exceptions\DataException::forEmptyDataset('update')
 2 SYSTEMPATH\Model.php(863): CodeIgniter\BaseModel->update([...], [])
 3 APPPATH\Controllers\Login.php(133): CodeIgniter\Model->update('7', [...])
 4 SYSTEMPATH\CodeIgniter.php(933): App\Controllers\Login->sendOtp()
 5 SYSTEMPATH\CodeIgniter.php(507): CodeIgniter\CodeIgniter->runController(Object(App\Controllers\Login))
 6 SYSTEMPATH\CodeIgniter.php(354): CodeIgniter\CodeIgniter->handleRequest(null, Object(Config\Cache), false)
 7 SYSTEMPATH\Boot.php(334): CodeIgniter\CodeIgniter->run()
 8 SYSTEMPATH\Boot.php(67): CodeIgniter\Boot::runCodeIgniter(Object(CodeIgniter\CodeIgniter))
 9 FCPATH\index.php(59): CodeIgniter\Boot::bootWeb(Object(Config\Paths))
CRITICAL - 2025-06-09 04:02:18 --> CodeIgniter\Database\Exceptions\DataException: There is no data to update.
[Method: POST, Route: Login/forgot-password]
in SYSTEMPATH\BaseModel.php on line 1014.
 1 SYSTEMPATH\BaseModel.php(1014): CodeIgniter\Database\Exceptions\DataException::forEmptyDataset('update')
 2 SYSTEMPATH\Model.php(863): CodeIgniter\BaseModel->update([...], [])
 3 APPPATH\Controllers\Login.php(133): CodeIgniter\Model->update('7', [...])
 4 SYSTEMPATH\CodeIgniter.php(933): App\Controllers\Login->sendOtp()
 5 SYSTEMPATH\CodeIgniter.php(507): CodeIgniter\CodeIgniter->runController(Object(App\Controllers\Login))
 6 SYSTEMPATH\CodeIgniter.php(354): CodeIgniter\CodeIgniter->handleRequest(null, Object(Config\Cache), false)
 7 SYSTEMPATH\Boot.php(334): CodeIgniter\CodeIgniter->run()
 8 SYSTEMPATH\Boot.php(67): CodeIgniter\Boot::runCodeIgniter(Object(CodeIgniter\CodeIgniter))
 9 FCPATH\index.php(59): CodeIgniter\Boot::bootWeb(Object(Config\Paths))
CRITICAL - 2025-06-09 04:06:40 --> CodeIgniter\Database\Exceptions\DataException: There is no data to update.
[Method: POST, Route: Login/forgot-password]
in SYSTEMPATH\BaseModel.php on line 1014.
 1 SYSTEMPATH\BaseModel.php(1014): CodeIgniter\Database\Exceptions\DataException::forEmptyDataset('update')
 2 SYSTEMPATH\Model.php(863): CodeIgniter\BaseModel->update([...], [])
 3 APPPATH\Controllers\Login.php(133): CodeIgniter\Model->update('2', [...])
 4 SYSTEMPATH\CodeIgniter.php(933): App\Controllers\Login->sendOtp()
 5 SYSTEMPATH\CodeIgniter.php(507): CodeIgniter\CodeIgniter->runController(Object(App\Controllers\Login))
 6 SYSTEMPATH\CodeIgniter.php(354): CodeIgniter\CodeIgniter->handleRequest(null, Object(Config\Cache), false)
 7 SYSTEMPATH\Boot.php(334): CodeIgniter\CodeIgniter->run()
 8 SYSTEMPATH\Boot.php(67): CodeIgniter\Boot::runCodeIgniter(Object(CodeIgniter\CodeIgniter))
 9 FCPATH\index.php(59): CodeIgniter\Boot::bootWeb(Object(Config\Paths))
