CRITICAL - 2025-06-11 06:54:56 --> Error: Class "App\Controllers\UserModel" not found
[Method: POST, Route: usersub/add]
in APPPATH\Controllers\Usersub.php on line 19.
 1 SYSTEMPATH\CodeIgniter.php(903): App\Controllers\Usersub->__construct()
 2 SYSTEMPATH\CodeIgniter.php(498): CodeIgniter\CodeIgniter->createController()
 3 SYSTEMPATH\CodeIgniter.php(354): CodeIgniter\CodeIgniter->handleRequest(null, Object(Config\Cache), false)
 4 SYSTEMPATH\Boot.php(334): CodeIgniter\CodeIgniter->run()
 5 SYSTEMPATH\Boot.php(67): CodeIgniter\Boot::runCodeIgniter(Object(CodeIgniter\CodeIgniter))
 6 FCPATH\index.php(59): CodeIgniter\Boot::bootWeb(Object(Config\Paths))
CRITICAL - 2025-06-11 07:01:56 --> Error: Class "App\Controllers\UserModel" not found
[Method: POST, Route: usersub/add]
in APPPATH\Controllers\Usersub.php on line 19.
 1 SYSTEMPATH\CodeIgniter.php(903): App\Controllers\Usersub->__construct()
 2 SYSTEMPATH\CodeIgniter.php(498): CodeIgniter\CodeIgniter->createController()
 3 SYSTEMPATH\CodeIgniter.php(354): CodeIgniter\CodeIgniter->handleRequest(null, Object(Config\Cache), false)
 4 SYSTEMPATH\Boot.php(334): CodeIgniter\CodeIgniter->run()
 5 SYSTEMPATH\Boot.php(67): CodeIgniter\Boot::runCodeIgniter(Object(CodeIgniter\CodeIgniter))
 6 FCPATH\index.php(59): CodeIgniter\Boot::bootWeb(Object(Config\Paths))
ERROR - 2025-06-11 07:32:40 --> mysqli_sql_exception: Column 'created_by' cannot be null in C:\xampp\htdocs\Cukkuboo\cukkuboo-php\system\Database\MySQLi\Connection.php:327
Stack trace:
#0 C:\xampp\htdocs\Cukkuboo\cukkuboo-php\system\Database\MySQLi\Connection.php(327): mysqli->query('INSERT INTO `us...', 0)
#1 C:\xampp\htdocs\Cukkuboo\cukkuboo-php\system\Database\BaseConnection.php(738): CodeIgniter\Database\MySQLi\Connection->execute('INSERT INTO `us...')
#2 C:\xampp\htdocs\Cukkuboo\cukkuboo-php\system\Database\BaseConnection.php(652): CodeIgniter\Database\BaseConnection->simpleQuery('INSERT INTO `us...')
#3 C:\xampp\htdocs\Cukkuboo\cukkuboo-php\system\Database\BaseBuilder.php(2345): CodeIgniter\Database\BaseConnection->query('INSERT INTO `us...', Array, false)
#4 C:\xampp\htdocs\Cukkuboo\cukkuboo-php\system\Model.php(394): CodeIgniter\Database\BaseBuilder->insert()
#5 C:\xampp\htdocs\Cukkuboo\cukkuboo-php\system\BaseModel.php(843): CodeIgniter\Model->doInsert(Array)
#6 C:\xampp\htdocs\Cukkuboo\cukkuboo-php\system\Model.php(800): CodeIgniter\BaseModel->insert(Array, true)
#7 C:\xampp\htdocs\Cukkuboo\cukkuboo-php\app\Controllers\Usersub.php(62): CodeIgniter\Model->insert(Array)
#8 C:\xampp\htdocs\Cukkuboo\cukkuboo-php\system\CodeIgniter.php(933): App\Controllers\Usersub->saveSubscription()
#9 C:\xampp\htdocs\Cukkuboo\cukkuboo-php\system\CodeIgniter.php(507): CodeIgniter\CodeIgniter->runController(Object(App\Controllers\Usersub))
#10 C:\xampp\htdocs\Cukkuboo\cukkuboo-php\system\CodeIgniter.php(354): CodeIgniter\CodeIgniter->handleRequest(NULL, Object(Config\Cache), false)
#11 C:\xampp\htdocs\Cukkuboo\cukkuboo-php\system\Boot.php(334): CodeIgniter\CodeIgniter->run()
#12 C:\xampp\htdocs\Cukkuboo\cukkuboo-php\system\Boot.php(67): CodeIgniter\Boot::runCodeIgniter(Object(CodeIgniter\CodeIgniter))
#13 C:\xampp\htdocs\Cukkuboo\cukkuboo-php\index.php(59): CodeIgniter\Boot::bootWeb(Object(Config\Paths))
#14 {main}
CRITICAL - 2025-06-11 07:32:40 --> CodeIgniter\Database\Exceptions\DatabaseException: Column 'created_by' cannot be null
[Method: POST, Route: usersub/add]
in SYSTEMPATH\Database\BaseConnection.php on line 692.
 1 SYSTEMPATH\Database\BaseBuilder.php(2345): CodeIgniter\Database\BaseConnection->query('INSERT INTO `user_subscription` (`user_id`, `subscription_id`, `start_date`, `end_date`, `modify_on`, `status`, `created_on`, `created_by`) VALUES (:user_id:, :subscription_id:, :start_date:, :end_date:, :modify_on:, :status:, :created_on:, :created_by:)', [...], false)
 2 SYSTEMPATH\Model.php(394): CodeIgniter\Database\BaseBuilder->insert()
 3 SYSTEMPATH\BaseModel.php(843): CodeIgniter\Model->doInsert([...])
 4 SYSTEMPATH\Model.php(800): CodeIgniter\BaseModel->insert([...], true)
 5 APPPATH\Controllers\Usersub.php(62): CodeIgniter\Model->insert([...])
 6 SYSTEMPATH\CodeIgniter.php(933): App\Controllers\Usersub->saveSubscription()
 7 SYSTEMPATH\CodeIgniter.php(507): CodeIgniter\CodeIgniter->runController(Object(App\Controllers\Usersub))
 8 SYSTEMPATH\CodeIgniter.php(354): CodeIgniter\CodeIgniter->handleRequest(null, Object(Config\Cache), false)
 9 SYSTEMPATH\Boot.php(334): CodeIgniter\CodeIgniter->run()
10 SYSTEMPATH\Boot.php(67): CodeIgniter\Boot::runCodeIgniter(Object(CodeIgniter\CodeIgniter))
11 FCPATH\index.php(59): CodeIgniter\Boot::bootWeb(Object(Config\Paths))
CRITICAL - 2025-06-11 07:32:40 --> [Caused by] CodeIgniter\Database\Exceptions\DatabaseException: Column 'created_by' cannot be null
in SYSTEMPATH\Database\MySQLi\Connection.php on line 332.
 1 SYSTEMPATH\Database\BaseConnection.php(738): CodeIgniter\Database\MySQLi\Connection->execute('INSERT INTO `user_subscription` (`user_id`, `subscription_id`, `start_date`, `end_date`, `modify_on`, `status`, `created_on`, `created_by`) VALUES (37, 12, \'2025-06-15\', \'2025-07-15\', \'2025-06-11 07:32:40\', 1, \'2025-06-11 07:32:40\', NULL)')
 2 SYSTEMPATH\Database\BaseConnection.php(652): CodeIgniter\Database\BaseConnection->simpleQuery('INSERT INTO `user_subscription` (`user_id`, `subscription_id`, `start_date`, `end_date`, `modify_on`, `status`, `created_on`, `created_by`) VALUES (37, 12, \'2025-06-15\', \'2025-07-15\', \'2025-06-11 07:32:40\', 1, \'2025-06-11 07:32:40\', NULL)')
 3 SYSTEMPATH\Database\BaseBuilder.php(2345): CodeIgniter\Database\BaseConnection->query('INSERT INTO `user_subscription` (`user_id`, `subscription_id`, `start_date`, `end_date`, `modify_on`, `status`, `created_on`, `created_by`) VALUES (:user_id:, :subscription_id:, :start_date:, :end_date:, :modify_on:, :status:, :created_on:, :created_by:)', [...], false)
 4 SYSTEMPATH\Model.php(394): CodeIgniter\Database\BaseBuilder->insert()
 5 SYSTEMPATH\BaseModel.php(843): CodeIgniter\Model->doInsert([...])
 6 SYSTEMPATH\Model.php(800): CodeIgniter\BaseModel->insert([...], true)
 7 APPPATH\Controllers\Usersub.php(62): CodeIgniter\Model->insert([...])
 8 SYSTEMPATH\CodeIgniter.php(933): App\Controllers\Usersub->saveSubscription()
 9 SYSTEMPATH\CodeIgniter.php(507): CodeIgniter\CodeIgniter->runController(Object(App\Controllers\Usersub))
10 SYSTEMPATH\CodeIgniter.php(354): CodeIgniter\CodeIgniter->handleRequest(null, Object(Config\Cache), false)
11 SYSTEMPATH\Boot.php(334): CodeIgniter\CodeIgniter->run()
12 SYSTEMPATH\Boot.php(67): CodeIgniter\Boot::runCodeIgniter(Object(CodeIgniter\CodeIgniter))
13 FCPATH\index.php(59): CodeIgniter\Boot::bootWeb(Object(Config\Paths))
CRITICAL - 2025-06-11 07:32:40 --> [Caused by] mysqli_sql_exception: Column 'created_by' cannot be null
in SYSTEMPATH\Database\MySQLi\Connection.php on line 327.
 1 SYSTEMPATH\Database\MySQLi\Connection.php(327): mysqli->query('INSERT INTO `user_subscription` (`user_id`, `subscription_id`, `start_date`, `end_date`, `modify_on`, `status`, `created_on`, `created_by`) VALUES (37, 12, \'2025-06-15\', \'2025-07-15\', \'2025-06-11 07:32:40\', 1, \'2025-06-11 07:32:40\', NULL)', 0)
 2 SYSTEMPATH\Database\BaseConnection.php(738): CodeIgniter\Database\MySQLi\Connection->execute('INSERT INTO `user_subscription` (`user_id`, `subscription_id`, `start_date`, `end_date`, `modify_on`, `status`, `created_on`, `created_by`) VALUES (37, 12, \'2025-06-15\', \'2025-07-15\', \'2025-06-11 07:32:40\', 1, \'2025-06-11 07:32:40\', NULL)')
 3 SYSTEMPATH\Database\BaseConnection.php(652): CodeIgniter\Database\BaseConnection->simpleQuery('INSERT INTO `user_subscription` (`user_id`, `subscription_id`, `start_date`, `end_date`, `modify_on`, `status`, `created_on`, `created_by`) VALUES (37, 12, \'2025-06-15\', \'2025-07-15\', \'2025-06-11 07:32:40\', 1, \'2025-06-11 07:32:40\', NULL)')
 4 SYSTEMPATH\Database\BaseBuilder.php(2345): CodeIgniter\Database\BaseConnection->query('INSERT INTO `user_subscription` (`user_id`, `subscription_id`, `start_date`, `end_date`, `modify_on`, `status`, `created_on`, `created_by`) VALUES (:user_id:, :subscription_id:, :start_date:, :end_date:, :modify_on:, :status:, :created_on:, :created_by:)', [...], false)
 5 SYSTEMPATH\Model.php(394): CodeIgniter\Database\BaseBuilder->insert()
 6 SYSTEMPATH\BaseModel.php(843): CodeIgniter\Model->doInsert([...])
 7 SYSTEMPATH\Model.php(800): CodeIgniter\BaseModel->insert([...], true)
 8 APPPATH\Controllers\Usersub.php(62): CodeIgniter\Model->insert([...])
 9 SYSTEMPATH\CodeIgniter.php(933): App\Controllers\Usersub->saveSubscription()
10 SYSTEMPATH\CodeIgniter.php(507): CodeIgniter\CodeIgniter->runController(Object(App\Controllers\Usersub))
11 SYSTEMPATH\CodeIgniter.php(354): CodeIgniter\CodeIgniter->handleRequest(null, Object(Config\Cache), false)
12 SYSTEMPATH\Boot.php(334): CodeIgniter\CodeIgniter->run()
13 SYSTEMPATH\Boot.php(67): CodeIgniter\Boot::runCodeIgniter(Object(CodeIgniter\CodeIgniter))
14 FCPATH\index.php(59): CodeIgniter\Boot::bootWeb(Object(Config\Paths))
ERROR - 2025-06-11 08:12:22 --> mysqli_sql_exception: Column 'created_by' cannot be null in C:\xampp\htdocs\Cukkuboo\cukkuboo-php\system\Database\MySQLi\Connection.php:327
Stack trace:
#0 C:\xampp\htdocs\Cukkuboo\cukkuboo-php\system\Database\MySQLi\Connection.php(327): mysqli->query('INSERT INTO `us...', 0)
#1 C:\xampp\htdocs\Cukkuboo\cukkuboo-php\system\Database\BaseConnection.php(738): CodeIgniter\Database\MySQLi\Connection->execute('INSERT INTO `us...')
#2 C:\xampp\htdocs\Cukkuboo\cukkuboo-php\system\Database\BaseConnection.php(652): CodeIgniter\Database\BaseConnection->simpleQuery('INSERT INTO `us...')
#3 C:\xampp\htdocs\Cukkuboo\cukkuboo-php\system\Database\BaseBuilder.php(2345): CodeIgniter\Database\BaseConnection->query('INSERT INTO `us...', Array, false)
#4 C:\xampp\htdocs\Cukkuboo\cukkuboo-php\system\Model.php(394): CodeIgniter\Database\BaseBuilder->insert()
#5 C:\xampp\htdocs\Cukkuboo\cukkuboo-php\system\BaseModel.php(843): CodeIgniter\Model->doInsert(Array)
#6 C:\xampp\htdocs\Cukkuboo\cukkuboo-php\system\Model.php(800): CodeIgniter\BaseModel->insert(Array, true)
#7 C:\xampp\htdocs\Cukkuboo\cukkuboo-php\app\Controllers\Usersub.php(62): CodeIgniter\Model->insert(Array)
#8 C:\xampp\htdocs\Cukkuboo\cukkuboo-php\system\CodeIgniter.php(933): App\Controllers\Usersub->saveSubscription()
#9 C:\xampp\htdocs\Cukkuboo\cukkuboo-php\system\CodeIgniter.php(507): CodeIgniter\CodeIgniter->runController(Object(App\Controllers\Usersub))
#10 C:\xampp\htdocs\Cukkuboo\cukkuboo-php\system\CodeIgniter.php(354): CodeIgniter\CodeIgniter->handleRequest(NULL, Object(Config\Cache), false)
#11 C:\xampp\htdocs\Cukkuboo\cukkuboo-php\system\Boot.php(334): CodeIgniter\CodeIgniter->run()
#12 C:\xampp\htdocs\Cukkuboo\cukkuboo-php\system\Boot.php(67): CodeIgniter\Boot::runCodeIgniter(Object(CodeIgniter\CodeIgniter))
#13 C:\xampp\htdocs\Cukkuboo\cukkuboo-php\index.php(59): CodeIgniter\Boot::bootWeb(Object(Config\Paths))
#14 {main}
CRITICAL - 2025-06-11 08:12:22 --> CodeIgniter\Database\Exceptions\DatabaseException: Column 'created_by' cannot be null
[Method: POST, Route: usersub/add]
in SYSTEMPATH\Database\BaseConnection.php on line 692.
 1 SYSTEMPATH\Database\BaseBuilder.php(2345): CodeIgniter\Database\BaseConnection->query('INSERT INTO `user_subscription` (`user_id`, `subscription_id`, `start_date`, `end_date`, `modify_on`, `status`, `created_on`, `created_by`) VALUES (:user_id:, :subscription_id:, :start_date:, :end_date:, :modify_on:, :status:, :created_on:, :created_by:)', [...], false)
 2 SYSTEMPATH\Model.php(394): CodeIgniter\Database\BaseBuilder->insert()
 3 SYSTEMPATH\BaseModel.php(843): CodeIgniter\Model->doInsert([...])
 4 SYSTEMPATH\Model.php(800): CodeIgniter\BaseModel->insert([...], true)
 5 APPPATH\Controllers\Usersub.php(62): CodeIgniter\Model->insert([...])
 6 SYSTEMPATH\CodeIgniter.php(933): App\Controllers\Usersub->saveSubscription()
 7 SYSTEMPATH\CodeIgniter.php(507): CodeIgniter\CodeIgniter->runController(Object(App\Controllers\Usersub))
 8 SYSTEMPATH\CodeIgniter.php(354): CodeIgniter\CodeIgniter->handleRequest(null, Object(Config\Cache), false)
 9 SYSTEMPATH\Boot.php(334): CodeIgniter\CodeIgniter->run()
10 SYSTEMPATH\Boot.php(67): CodeIgniter\Boot::runCodeIgniter(Object(CodeIgniter\CodeIgniter))
11 FCPATH\index.php(59): CodeIgniter\Boot::bootWeb(Object(Config\Paths))
CRITICAL - 2025-06-11 08:12:22 --> [Caused by] CodeIgniter\Database\Exceptions\DatabaseException: Column 'created_by' cannot be null
in SYSTEMPATH\Database\MySQLi\Connection.php on line 332.
 1 SYSTEMPATH\Database\BaseConnection.php(738): CodeIgniter\Database\MySQLi\Connection->execute('INSERT INTO `user_subscription` (`user_id`, `subscription_id`, `start_date`, `end_date`, `modify_on`, `status`, `created_on`, `created_by`) VALUES (37, 12, \'2025-06-15\', \'2025-07-15\', \'2025-06-11 08:12:22\', 1, \'2025-06-11 08:12:22\', NULL)')
 2 SYSTEMPATH\Database\BaseConnection.php(652): CodeIgniter\Database\BaseConnection->simpleQuery('INSERT INTO `user_subscription` (`user_id`, `subscription_id`, `start_date`, `end_date`, `modify_on`, `status`, `created_on`, `created_by`) VALUES (37, 12, \'2025-06-15\', \'2025-07-15\', \'2025-06-11 08:12:22\', 1, \'2025-06-11 08:12:22\', NULL)')
 3 SYSTEMPATH\Database\BaseBuilder.php(2345): CodeIgniter\Database\BaseConnection->query('INSERT INTO `user_subscription` (`user_id`, `subscription_id`, `start_date`, `end_date`, `modify_on`, `status`, `created_on`, `created_by`) VALUES (:user_id:, :subscription_id:, :start_date:, :end_date:, :modify_on:, :status:, :created_on:, :created_by:)', [...], false)
 4 SYSTEMPATH\Model.php(394): CodeIgniter\Database\BaseBuilder->insert()
 5 SYSTEMPATH\BaseModel.php(843): CodeIgniter\Model->doInsert([...])
 6 SYSTEMPATH\Model.php(800): CodeIgniter\BaseModel->insert([...], true)
 7 APPPATH\Controllers\Usersub.php(62): CodeIgniter\Model->insert([...])
 8 SYSTEMPATH\CodeIgniter.php(933): App\Controllers\Usersub->saveSubscription()
 9 SYSTEMPATH\CodeIgniter.php(507): CodeIgniter\CodeIgniter->runController(Object(App\Controllers\Usersub))
10 SYSTEMPATH\CodeIgniter.php(354): CodeIgniter\CodeIgniter->handleRequest(null, Object(Config\Cache), false)
11 SYSTEMPATH\Boot.php(334): CodeIgniter\CodeIgniter->run()
12 SYSTEMPATH\Boot.php(67): CodeIgniter\Boot::runCodeIgniter(Object(CodeIgniter\CodeIgniter))
13 FCPATH\index.php(59): CodeIgniter\Boot::bootWeb(Object(Config\Paths))
CRITICAL - 2025-06-11 08:12:22 --> [Caused by] mysqli_sql_exception: Column 'created_by' cannot be null
in SYSTEMPATH\Database\MySQLi\Connection.php on line 327.
 1 SYSTEMPATH\Database\MySQLi\Connection.php(327): mysqli->query('INSERT INTO `user_subscription` (`user_id`, `subscription_id`, `start_date`, `end_date`, `modify_on`, `status`, `created_on`, `created_by`) VALUES (37, 12, \'2025-06-15\', \'2025-07-15\', \'2025-06-11 08:12:22\', 1, \'2025-06-11 08:12:22\', NULL)', 0)
 2 SYSTEMPATH\Database\BaseConnection.php(738): CodeIgniter\Database\MySQLi\Connection->execute('INSERT INTO `user_subscription` (`user_id`, `subscription_id`, `start_date`, `end_date`, `modify_on`, `status`, `created_on`, `created_by`) VALUES (37, 12, \'2025-06-15\', \'2025-07-15\', \'2025-06-11 08:12:22\', 1, \'2025-06-11 08:12:22\', NULL)')
 3 SYSTEMPATH\Database\BaseConnection.php(652): CodeIgniter\Database\BaseConnection->simpleQuery('INSERT INTO `user_subscription` (`user_id`, `subscription_id`, `start_date`, `end_date`, `modify_on`, `status`, `created_on`, `created_by`) VALUES (37, 12, \'2025-06-15\', \'2025-07-15\', \'2025-06-11 08:12:22\', 1, \'2025-06-11 08:12:22\', NULL)')
 4 SYSTEMPATH\Database\BaseBuilder.php(2345): CodeIgniter\Database\BaseConnection->query('INSERT INTO `user_subscription` (`user_id`, `subscription_id`, `start_date`, `end_date`, `modify_on`, `status`, `created_on`, `created_by`) VALUES (:user_id:, :subscription_id:, :start_date:, :end_date:, :modify_on:, :status:, :created_on:, :created_by:)', [...], false)
 5 SYSTEMPATH\Model.php(394): CodeIgniter\Database\BaseBuilder->insert()
 6 SYSTEMPATH\BaseModel.php(843): CodeIgniter\Model->doInsert([...])
 7 SYSTEMPATH\Model.php(800): CodeIgniter\BaseModel->insert([...], true)
 8 APPPATH\Controllers\Usersub.php(62): CodeIgniter\Model->insert([...])
 9 SYSTEMPATH\CodeIgniter.php(933): App\Controllers\Usersub->saveSubscription()
10 SYSTEMPATH\CodeIgniter.php(507): CodeIgniter\CodeIgniter->runController(Object(App\Controllers\Usersub))
11 SYSTEMPATH\CodeIgniter.php(354): CodeIgniter\CodeIgniter->handleRequest(null, Object(Config\Cache), false)
12 SYSTEMPATH\Boot.php(334): CodeIgniter\CodeIgniter->run()
13 SYSTEMPATH\Boot.php(67): CodeIgniter\Boot::runCodeIgniter(Object(CodeIgniter\CodeIgniter))
14 FCPATH\index.php(59): CodeIgniter\Boot::bootWeb(Object(Config\Paths))
CRITICAL - 2025-06-11 08:24:22 --> ParseError: syntax error, unexpected token ";", expecting "]"
[Method: POST, Route: usersub/add]
in APPPATH\Controllers\Usersub.php on line 60.
 1 SYSTEMPATH\Autoloader\Autoloader.php(295): CodeIgniter\Autoloader\Autoloader->includeFile('C:\\xampp\\htdocs\\Cukkuboo\\cukkuboo-php\\app\\Controllers\\Usersub.php')
 2 SYSTEMPATH\Autoloader\Autoloader.php(271): CodeIgniter\Autoloader\Autoloader->loadInNamespace('App\\Controllers\\Usersub')
 3 [internal function]: CodeIgniter\Autoloader\Autoloader->loadClass('App\\Controllers\\Usersub')
 4 SYSTEMPATH\CodeIgniter.php(885): class_exists('\\App\\Controllers\\Usersub', true)
 5 SYSTEMPATH\CodeIgniter.php(494): CodeIgniter\CodeIgniter->startController()
 6 SYSTEMPATH\CodeIgniter.php(354): CodeIgniter\CodeIgniter->handleRequest(null, Object(Config\Cache), false)
 7 SYSTEMPATH\Boot.php(334): CodeIgniter\CodeIgniter->run()
 8 SYSTEMPATH\Boot.php(67): CodeIgniter\Boot::runCodeIgniter(Object(CodeIgniter\CodeIgniter))
 9 FCPATH\index.php(59): CodeIgniter\Boot::bootWeb(Object(Config\Paths))
ERROR - 2025-06-11 08:25:19 --> mysqli_sql_exception: Column 'created_by' cannot be null in C:\xampp\htdocs\Cukkuboo\cukkuboo-php\system\Database\MySQLi\Connection.php:327
Stack trace:
#0 C:\xampp\htdocs\Cukkuboo\cukkuboo-php\system\Database\MySQLi\Connection.php(327): mysqli->query('INSERT INTO `us...', 0)
#1 C:\xampp\htdocs\Cukkuboo\cukkuboo-php\system\Database\BaseConnection.php(738): CodeIgniter\Database\MySQLi\Connection->execute('INSERT INTO `us...')
#2 C:\xampp\htdocs\Cukkuboo\cukkuboo-php\system\Database\BaseConnection.php(652): CodeIgniter\Database\BaseConnection->simpleQuery('INSERT INTO `us...')
#3 C:\xampp\htdocs\Cukkuboo\cukkuboo-php\system\Database\BaseBuilder.php(2345): CodeIgniter\Database\BaseConnection->query('INSERT INTO `us...', Array, false)
#4 C:\xampp\htdocs\Cukkuboo\cukkuboo-php\system\Model.php(394): CodeIgniter\Database\BaseBuilder->insert()
#5 C:\xampp\htdocs\Cukkuboo\cukkuboo-php\system\BaseModel.php(843): CodeIgniter\Model->doInsert(Array)
#6 C:\xampp\htdocs\Cukkuboo\cukkuboo-php\system\Model.php(800): CodeIgniter\BaseModel->insert(Array, true)
#7 C:\xampp\htdocs\Cukkuboo\cukkuboo-php\app\Controllers\Usersub.php(64): CodeIgniter\Model->insert(Array)
#8 C:\xampp\htdocs\Cukkuboo\cukkuboo-php\system\CodeIgniter.php(933): App\Controllers\Usersub->saveSubscription()
#9 C:\xampp\htdocs\Cukkuboo\cukkuboo-php\system\CodeIgniter.php(507): CodeIgniter\CodeIgniter->runController(Object(App\Controllers\Usersub))
#10 C:\xampp\htdocs\Cukkuboo\cukkuboo-php\system\CodeIgniter.php(354): CodeIgniter\CodeIgniter->handleRequest(NULL, Object(Config\Cache), false)
#11 C:\xampp\htdocs\Cukkuboo\cukkuboo-php\system\Boot.php(334): CodeIgniter\CodeIgniter->run()
#12 C:\xampp\htdocs\Cukkuboo\cukkuboo-php\system\Boot.php(67): CodeIgniter\Boot::runCodeIgniter(Object(CodeIgniter\CodeIgniter))
#13 C:\xampp\htdocs\Cukkuboo\cukkuboo-php\index.php(59): CodeIgniter\Boot::bootWeb(Object(Config\Paths))
#14 {main}
CRITICAL - 2025-06-11 08:25:19 --> CodeIgniter\Database\Exceptions\DatabaseException: Column 'created_by' cannot be null
[Method: POST, Route: usersub/add]
in SYSTEMPATH\Database\BaseConnection.php on line 692.
 1 SYSTEMPATH\Database\BaseBuilder.php(2345): CodeIgniter\Database\BaseConnection->query('INSERT INTO `user_subscription` (`user_id`, `subscription_id`, `start_date`, `end_date`, `status`, `created_on`, `created_by`, `modify_on`, `modify_by`) VALUES (:user_id:, :subscription_id:, :start_date:, :end_date:, :status:, :created_on:, :created_by:, :modify_on:, :modify_by:)', [...], false)
 2 SYSTEMPATH\Model.php(394): CodeIgniter\Database\BaseBuilder->insert()
 3 SYSTEMPATH\BaseModel.php(843): CodeIgniter\Model->doInsert([...])
 4 SYSTEMPATH\Model.php(800): CodeIgniter\BaseModel->insert([...], true)
 5 APPPATH\Controllers\Usersub.php(64): CodeIgniter\Model->insert([...])
 6 SYSTEMPATH\CodeIgniter.php(933): App\Controllers\Usersub->saveSubscription()
 7 SYSTEMPATH\CodeIgniter.php(507): CodeIgniter\CodeIgniter->runController(Object(App\Controllers\Usersub))
 8 SYSTEMPATH\CodeIgniter.php(354): CodeIgniter\CodeIgniter->handleRequest(null, Object(Config\Cache), false)
 9 SYSTEMPATH\Boot.php(334): CodeIgniter\CodeIgniter->run()
10 SYSTEMPATH\Boot.php(67): CodeIgniter\Boot::runCodeIgniter(Object(CodeIgniter\CodeIgniter))
11 FCPATH\index.php(59): CodeIgniter\Boot::bootWeb(Object(Config\Paths))
CRITICAL - 2025-06-11 08:25:19 --> [Caused by] CodeIgniter\Database\Exceptions\DatabaseException: Column 'created_by' cannot be null
in SYSTEMPATH\Database\MySQLi\Connection.php on line 332.
 1 SYSTEMPATH\Database\BaseConnection.php(738): CodeIgniter\Database\MySQLi\Connection->execute('INSERT INTO `user_subscription` (`user_id`, `subscription_id`, `start_date`, `end_date`, `status`, `created_on`, `created_by`, `modify_on`, `modify_by`) VALUES (37, 12, \'2025-06-15\', \'2025-07-15\', 1, \'2025-06-11 08:25:19\', NULL, \'2025-06-11 08:25:19\', 0)')
 2 SYSTEMPATH\Database\BaseConnection.php(652): CodeIgniter\Database\BaseConnection->simpleQuery('INSERT INTO `user_subscription` (`user_id`, `subscription_id`, `start_date`, `end_date`, `status`, `created_on`, `created_by`, `modify_on`, `modify_by`) VALUES (37, 12, \'2025-06-15\', \'2025-07-15\', 1, \'2025-06-11 08:25:19\', NULL, \'2025-06-11 08:25:19\', 0)')
 3 SYSTEMPATH\Database\BaseBuilder.php(2345): CodeIgniter\Database\BaseConnection->query('INSERT INTO `user_subscription` (`user_id`, `subscription_id`, `start_date`, `end_date`, `status`, `created_on`, `created_by`, `modify_on`, `modify_by`) VALUES (:user_id:, :subscription_id:, :start_date:, :end_date:, :status:, :created_on:, :created_by:, :modify_on:, :modify_by:)', [...], false)
 4 SYSTEMPATH\Model.php(394): CodeIgniter\Database\BaseBuilder->insert()
 5 SYSTEMPATH\BaseModel.php(843): CodeIgniter\Model->doInsert([...])
 6 SYSTEMPATH\Model.php(800): CodeIgniter\BaseModel->insert([...], true)
 7 APPPATH\Controllers\Usersub.php(64): CodeIgniter\Model->insert([...])
 8 SYSTEMPATH\CodeIgniter.php(933): App\Controllers\Usersub->saveSubscription()
 9 SYSTEMPATH\CodeIgniter.php(507): CodeIgniter\CodeIgniter->runController(Object(App\Controllers\Usersub))
10 SYSTEMPATH\CodeIgniter.php(354): CodeIgniter\CodeIgniter->handleRequest(null, Object(Config\Cache), false)
11 SYSTEMPATH\Boot.php(334): CodeIgniter\CodeIgniter->run()
12 SYSTEMPATH\Boot.php(67): CodeIgniter\Boot::runCodeIgniter(Object(CodeIgniter\CodeIgniter))
13 FCPATH\index.php(59): CodeIgniter\Boot::bootWeb(Object(Config\Paths))
CRITICAL - 2025-06-11 08:25:19 --> [Caused by] mysqli_sql_exception: Column 'created_by' cannot be null
in SYSTEMPATH\Database\MySQLi\Connection.php on line 327.
 1 SYSTEMPATH\Database\MySQLi\Connection.php(327): mysqli->query('INSERT INTO `user_subscription` (`user_id`, `subscription_id`, `start_date`, `end_date`, `status`, `created_on`, `created_by`, `modify_on`, `modify_by`) VALUES (37, 12, \'2025-06-15\', \'2025-07-15\', 1, \'2025-06-11 08:25:19\', NULL, \'2025-06-11 08:25:19\', 0)', 0)
 2 SYSTEMPATH\Database\BaseConnection.php(738): CodeIgniter\Database\MySQLi\Connection->execute('INSERT INTO `user_subscription` (`user_id`, `subscription_id`, `start_date`, `end_date`, `status`, `created_on`, `created_by`, `modify_on`, `modify_by`) VALUES (37, 12, \'2025-06-15\', \'2025-07-15\', 1, \'2025-06-11 08:25:19\', NULL, \'2025-06-11 08:25:19\', 0)')
 3 SYSTEMPATH\Database\BaseConnection.php(652): CodeIgniter\Database\BaseConnection->simpleQuery('INSERT INTO `user_subscription` (`user_id`, `subscription_id`, `start_date`, `end_date`, `status`, `created_on`, `created_by`, `modify_on`, `modify_by`) VALUES (37, 12, \'2025-06-15\', \'2025-07-15\', 1, \'2025-06-11 08:25:19\', NULL, \'2025-06-11 08:25:19\', 0)')
 4 SYSTEMPATH\Database\BaseBuilder.php(2345): CodeIgniter\Database\BaseConnection->query('INSERT INTO `user_subscription` (`user_id`, `subscription_id`, `start_date`, `end_date`, `status`, `created_on`, `created_by`, `modify_on`, `modify_by`) VALUES (:user_id:, :subscription_id:, :start_date:, :end_date:, :status:, :created_on:, :created_by:, :modify_on:, :modify_by:)', [...], false)
 5 SYSTEMPATH\Model.php(394): CodeIgniter\Database\BaseBuilder->insert()
 6 SYSTEMPATH\BaseModel.php(843): CodeIgniter\Model->doInsert([...])
 7 SYSTEMPATH\Model.php(800): CodeIgniter\BaseModel->insert([...], true)
 8 APPPATH\Controllers\Usersub.php(64): CodeIgniter\Model->insert([...])
 9 SYSTEMPATH\CodeIgniter.php(933): App\Controllers\Usersub->saveSubscription()
10 SYSTEMPATH\CodeIgniter.php(507): CodeIgniter\CodeIgniter->runController(Object(App\Controllers\Usersub))
11 SYSTEMPATH\CodeIgniter.php(354): CodeIgniter\CodeIgniter->handleRequest(null, Object(Config\Cache), false)
12 SYSTEMPATH\Boot.php(334): CodeIgniter\CodeIgniter->run()
13 SYSTEMPATH\Boot.php(67): CodeIgniter\Boot::runCodeIgniter(Object(CodeIgniter\CodeIgniter))
14 FCPATH\index.php(59): CodeIgniter\Boot::bootWeb(Object(Config\Paths))
ERROR - 2025-06-11 08:25:44 --> mysqli_sql_exception: Column 'created_by' cannot be null in C:\xampp\htdocs\Cukkuboo\cukkuboo-php\system\Database\MySQLi\Connection.php:327
Stack trace:
#0 C:\xampp\htdocs\Cukkuboo\cukkuboo-php\system\Database\MySQLi\Connection.php(327): mysqli->query('INSERT INTO `us...', 0)
#1 C:\xampp\htdocs\Cukkuboo\cukkuboo-php\system\Database\BaseConnection.php(738): CodeIgniter\Database\MySQLi\Connection->execute('INSERT INTO `us...')
#2 C:\xampp\htdocs\Cukkuboo\cukkuboo-php\system\Database\BaseConnection.php(652): CodeIgniter\Database\BaseConnection->simpleQuery('INSERT INTO `us...')
#3 C:\xampp\htdocs\Cukkuboo\cukkuboo-php\system\Database\BaseBuilder.php(2345): CodeIgniter\Database\BaseConnection->query('INSERT INTO `us...', Array, false)
#4 C:\xampp\htdocs\Cukkuboo\cukkuboo-php\system\Model.php(394): CodeIgniter\Database\BaseBuilder->insert()
#5 C:\xampp\htdocs\Cukkuboo\cukkuboo-php\system\BaseModel.php(843): CodeIgniter\Model->doInsert(Array)
#6 C:\xampp\htdocs\Cukkuboo\cukkuboo-php\system\Model.php(800): CodeIgniter\BaseModel->insert(Array, true)
#7 C:\xampp\htdocs\Cukkuboo\cukkuboo-php\app\Controllers\Usersub.php(64): CodeIgniter\Model->insert(Array)
#8 C:\xampp\htdocs\Cukkuboo\cukkuboo-php\system\CodeIgniter.php(933): App\Controllers\Usersub->saveSubscription()
#9 C:\xampp\htdocs\Cukkuboo\cukkuboo-php\system\CodeIgniter.php(507): CodeIgniter\CodeIgniter->runController(Object(App\Controllers\Usersub))
#10 C:\xampp\htdocs\Cukkuboo\cukkuboo-php\system\CodeIgniter.php(354): CodeIgniter\CodeIgniter->handleRequest(NULL, Object(Config\Cache), false)
#11 C:\xampp\htdocs\Cukkuboo\cukkuboo-php\system\Boot.php(334): CodeIgniter\CodeIgniter->run()
#12 C:\xampp\htdocs\Cukkuboo\cukkuboo-php\system\Boot.php(67): CodeIgniter\Boot::runCodeIgniter(Object(CodeIgniter\CodeIgniter))
#13 C:\xampp\htdocs\Cukkuboo\cukkuboo-php\index.php(59): CodeIgniter\Boot::bootWeb(Object(Config\Paths))
#14 {main}
CRITICAL - 2025-06-11 08:25:44 --> CodeIgniter\Database\Exceptions\DatabaseException: Column 'created_by' cannot be null
[Method: POST, Route: usersub/add]
in SYSTEMPATH\Database\BaseConnection.php on line 692.
 1 SYSTEMPATH\Database\BaseBuilder.php(2345): CodeIgniter\Database\BaseConnection->query('INSERT INTO `user_subscription` (`user_id`, `subscription_id`, `start_date`, `end_date`, `status`, `created_on`, `created_by`, `modify_on`, `modify_by`) VALUES (:user_id:, :subscription_id:, :start_date:, :end_date:, :status:, :created_on:, :created_by:, :modify_on:, :modify_by:)', [...], false)
 2 SYSTEMPATH\Model.php(394): CodeIgniter\Database\BaseBuilder->insert()
 3 SYSTEMPATH\BaseModel.php(843): CodeIgniter\Model->doInsert([...])
 4 SYSTEMPATH\Model.php(800): CodeIgniter\BaseModel->insert([...], true)
 5 APPPATH\Controllers\Usersub.php(64): CodeIgniter\Model->insert([...])
 6 SYSTEMPATH\CodeIgniter.php(933): App\Controllers\Usersub->saveSubscription()
 7 SYSTEMPATH\CodeIgniter.php(507): CodeIgniter\CodeIgniter->runController(Object(App\Controllers\Usersub))
 8 SYSTEMPATH\CodeIgniter.php(354): CodeIgniter\CodeIgniter->handleRequest(null, Object(Config\Cache), false)
 9 SYSTEMPATH\Boot.php(334): CodeIgniter\CodeIgniter->run()
10 SYSTEMPATH\Boot.php(67): CodeIgniter\Boot::runCodeIgniter(Object(CodeIgniter\CodeIgniter))
11 FCPATH\index.php(59): CodeIgniter\Boot::bootWeb(Object(Config\Paths))
CRITICAL - 2025-06-11 08:25:44 --> [Caused by] CodeIgniter\Database\Exceptions\DatabaseException: Column 'created_by' cannot be null
in SYSTEMPATH\Database\MySQLi\Connection.php on line 332.
 1 SYSTEMPATH\Database\BaseConnection.php(738): CodeIgniter\Database\MySQLi\Connection->execute('INSERT INTO `user_subscription` (`user_id`, `subscription_id`, `start_date`, `end_date`, `status`, `created_on`, `created_by`, `modify_on`, `modify_by`) VALUES (37, 12, \'2025-06-15\', \'2025-07-15\', 1, \'2025-06-11 08:25:44\', NULL, \'2025-06-11 08:25:44\', NULL)')
 2 SYSTEMPATH\Database\BaseConnection.php(652): CodeIgniter\Database\BaseConnection->simpleQuery('INSERT INTO `user_subscription` (`user_id`, `subscription_id`, `start_date`, `end_date`, `status`, `created_on`, `created_by`, `modify_on`, `modify_by`) VALUES (37, 12, \'2025-06-15\', \'2025-07-15\', 1, \'2025-06-11 08:25:44\', NULL, \'2025-06-11 08:25:44\', NULL)')
 3 SYSTEMPATH\Database\BaseBuilder.php(2345): CodeIgniter\Database\BaseConnection->query('INSERT INTO `user_subscription` (`user_id`, `subscription_id`, `start_date`, `end_date`, `status`, `created_on`, `created_by`, `modify_on`, `modify_by`) VALUES (:user_id:, :subscription_id:, :start_date:, :end_date:, :status:, :created_on:, :created_by:, :modify_on:, :modify_by:)', [...], false)
 4 SYSTEMPATH\Model.php(394): CodeIgniter\Database\BaseBuilder->insert()
 5 SYSTEMPATH\BaseModel.php(843): CodeIgniter\Model->doInsert([...])
 6 SYSTEMPATH\Model.php(800): CodeIgniter\BaseModel->insert([...], true)
 7 APPPATH\Controllers\Usersub.php(64): CodeIgniter\Model->insert([...])
 8 SYSTEMPATH\CodeIgniter.php(933): App\Controllers\Usersub->saveSubscription()
 9 SYSTEMPATH\CodeIgniter.php(507): CodeIgniter\CodeIgniter->runController(Object(App\Controllers\Usersub))
10 SYSTEMPATH\CodeIgniter.php(354): CodeIgniter\CodeIgniter->handleRequest(null, Object(Config\Cache), false)
11 SYSTEMPATH\Boot.php(334): CodeIgniter\CodeIgniter->run()
12 SYSTEMPATH\Boot.php(67): CodeIgniter\Boot::runCodeIgniter(Object(CodeIgniter\CodeIgniter))
13 FCPATH\index.php(59): CodeIgniter\Boot::bootWeb(Object(Config\Paths))
CRITICAL - 2025-06-11 08:25:44 --> [Caused by] mysqli_sql_exception: Column 'created_by' cannot be null
in SYSTEMPATH\Database\MySQLi\Connection.php on line 327.
 1 SYSTEMPATH\Database\MySQLi\Connection.php(327): mysqli->query('INSERT INTO `user_subscription` (`user_id`, `subscription_id`, `start_date`, `end_date`, `status`, `created_on`, `created_by`, `modify_on`, `modify_by`) VALUES (37, 12, \'2025-06-15\', \'2025-07-15\', 1, \'2025-06-11 08:25:44\', NULL, \'2025-06-11 08:25:44\', NULL)', 0)
 2 SYSTEMPATH\Database\BaseConnection.php(738): CodeIgniter\Database\MySQLi\Connection->execute('INSERT INTO `user_subscription` (`user_id`, `subscription_id`, `start_date`, `end_date`, `status`, `created_on`, `created_by`, `modify_on`, `modify_by`) VALUES (37, 12, \'2025-06-15\', \'2025-07-15\', 1, \'2025-06-11 08:25:44\', NULL, \'2025-06-11 08:25:44\', NULL)')
 3 SYSTEMPATH\Database\BaseConnection.php(652): CodeIgniter\Database\BaseConnection->simpleQuery('INSERT INTO `user_subscription` (`user_id`, `subscription_id`, `start_date`, `end_date`, `status`, `created_on`, `created_by`, `modify_on`, `modify_by`) VALUES (37, 12, \'2025-06-15\', \'2025-07-15\', 1, \'2025-06-11 08:25:44\', NULL, \'2025-06-11 08:25:44\', NULL)')
 4 SYSTEMPATH\Database\BaseBuilder.php(2345): CodeIgniter\Database\BaseConnection->query('INSERT INTO `user_subscription` (`user_id`, `subscription_id`, `start_date`, `end_date`, `status`, `created_on`, `created_by`, `modify_on`, `modify_by`) VALUES (:user_id:, :subscription_id:, :start_date:, :end_date:, :status:, :created_on:, :created_by:, :modify_on:, :modify_by:)', [...], false)
 5 SYSTEMPATH\Model.php(394): CodeIgniter\Database\BaseBuilder->insert()
 6 SYSTEMPATH\BaseModel.php(843): CodeIgniter\Model->doInsert([...])
 7 SYSTEMPATH\Model.php(800): CodeIgniter\BaseModel->insert([...], true)
 8 APPPATH\Controllers\Usersub.php(64): CodeIgniter\Model->insert([...])
 9 SYSTEMPATH\CodeIgniter.php(933): App\Controllers\Usersub->saveSubscription()
10 SYSTEMPATH\CodeIgniter.php(507): CodeIgniter\CodeIgniter->runController(Object(App\Controllers\Usersub))
11 SYSTEMPATH\CodeIgniter.php(354): CodeIgniter\CodeIgniter->handleRequest(null, Object(Config\Cache), false)
12 SYSTEMPATH\Boot.php(334): CodeIgniter\CodeIgniter->run()
13 SYSTEMPATH\Boot.php(67): CodeIgniter\Boot::runCodeIgniter(Object(CodeIgniter\CodeIgniter))
14 FCPATH\index.php(59): CodeIgniter\Boot::bootWeb(Object(Config\Paths))
ERROR - 2025-06-11 08:26:12 --> mysqli_sql_exception: Column 'created_by' cannot be null in C:\xampp\htdocs\Cukkuboo\cukkuboo-php\system\Database\MySQLi\Connection.php:327
Stack trace:
#0 C:\xampp\htdocs\Cukkuboo\cukkuboo-php\system\Database\MySQLi\Connection.php(327): mysqli->query('INSERT INTO `us...', 0)
#1 C:\xampp\htdocs\Cukkuboo\cukkuboo-php\system\Database\BaseConnection.php(738): CodeIgniter\Database\MySQLi\Connection->execute('INSERT INTO `us...')
#2 C:\xampp\htdocs\Cukkuboo\cukkuboo-php\system\Database\BaseConnection.php(652): CodeIgniter\Database\BaseConnection->simpleQuery('INSERT INTO `us...')
#3 C:\xampp\htdocs\Cukkuboo\cukkuboo-php\system\Database\BaseBuilder.php(2345): CodeIgniter\Database\BaseConnection->query('INSERT INTO `us...', Array, false)
#4 C:\xampp\htdocs\Cukkuboo\cukkuboo-php\system\Model.php(394): CodeIgniter\Database\BaseBuilder->insert()
#5 C:\xampp\htdocs\Cukkuboo\cukkuboo-php\system\BaseModel.php(843): CodeIgniter\Model->doInsert(Array)
#6 C:\xampp\htdocs\Cukkuboo\cukkuboo-php\system\Model.php(800): CodeIgniter\BaseModel->insert(Array, true)
#7 C:\xampp\htdocs\Cukkuboo\cukkuboo-php\app\Controllers\Usersub.php(64): CodeIgniter\Model->insert(Array)
#8 C:\xampp\htdocs\Cukkuboo\cukkuboo-php\system\CodeIgniter.php(933): App\Controllers\Usersub->saveSubscription()
#9 C:\xampp\htdocs\Cukkuboo\cukkuboo-php\system\CodeIgniter.php(507): CodeIgniter\CodeIgniter->runController(Object(App\Controllers\Usersub))
#10 C:\xampp\htdocs\Cukkuboo\cukkuboo-php\system\CodeIgniter.php(354): CodeIgniter\CodeIgniter->handleRequest(NULL, Object(Config\Cache), false)
#11 C:\xampp\htdocs\Cukkuboo\cukkuboo-php\system\Boot.php(334): CodeIgniter\CodeIgniter->run()
#12 C:\xampp\htdocs\Cukkuboo\cukkuboo-php\system\Boot.php(67): CodeIgniter\Boot::runCodeIgniter(Object(CodeIgniter\CodeIgniter))
#13 C:\xampp\htdocs\Cukkuboo\cukkuboo-php\index.php(59): CodeIgniter\Boot::bootWeb(Object(Config\Paths))
#14 {main}
CRITICAL - 2025-06-11 08:26:12 --> CodeIgniter\Database\Exceptions\DatabaseException: Column 'created_by' cannot be null
[Method: POST, Route: usersub/add]
in SYSTEMPATH\Database\BaseConnection.php on line 692.
 1 SYSTEMPATH\Database\BaseBuilder.php(2345): CodeIgniter\Database\BaseConnection->query('INSERT INTO `user_subscription` (`user_id`, `subscription_id`, `start_date`, `end_date`, `status`, `created_on`, `created_by`, `modify_on`, `modify_by`) VALUES (:user_id:, :subscription_id:, :start_date:, :end_date:, :status:, :created_on:, :created_by:, :modify_on:, :modify_by:)', [...], false)
 2 SYSTEMPATH\Model.php(394): CodeIgniter\Database\BaseBuilder->insert()
 3 SYSTEMPATH\BaseModel.php(843): CodeIgniter\Model->doInsert([...])
 4 SYSTEMPATH\Model.php(800): CodeIgniter\BaseModel->insert([...], true)
 5 APPPATH\Controllers\Usersub.php(64): CodeIgniter\Model->insert([...])
 6 SYSTEMPATH\CodeIgniter.php(933): App\Controllers\Usersub->saveSubscription()
 7 SYSTEMPATH\CodeIgniter.php(507): CodeIgniter\CodeIgniter->runController(Object(App\Controllers\Usersub))
 8 SYSTEMPATH\CodeIgniter.php(354): CodeIgniter\CodeIgniter->handleRequest(null, Object(Config\Cache), false)
 9 SYSTEMPATH\Boot.php(334): CodeIgniter\CodeIgniter->run()
10 SYSTEMPATH\Boot.php(67): CodeIgniter\Boot::runCodeIgniter(Object(CodeIgniter\CodeIgniter))
11 FCPATH\index.php(59): CodeIgniter\Boot::bootWeb(Object(Config\Paths))
CRITICAL - 2025-06-11 08:26:12 --> [Caused by] CodeIgniter\Database\Exceptions\DatabaseException: Column 'created_by' cannot be null
in SYSTEMPATH\Database\MySQLi\Connection.php on line 332.
 1 SYSTEMPATH\Database\BaseConnection.php(738): CodeIgniter\Database\MySQLi\Connection->execute('INSERT INTO `user_subscription` (`user_id`, `subscription_id`, `start_date`, `end_date`, `status`, `created_on`, `created_by`, `modify_on`, `modify_by`) VALUES (37, 12, \'2025-06-15\', \'2025-07-15\', 1, \'2025-06-11 08:26:12\', NULL, \'2025-06-11 08:26:12\', NULL)')
 2 SYSTEMPATH\Database\BaseConnection.php(652): CodeIgniter\Database\BaseConnection->simpleQuery('INSERT INTO `user_subscription` (`user_id`, `subscription_id`, `start_date`, `end_date`, `status`, `created_on`, `created_by`, `modify_on`, `modify_by`) VALUES (37, 12, \'2025-06-15\', \'2025-07-15\', 1, \'2025-06-11 08:26:12\', NULL, \'2025-06-11 08:26:12\', NULL)')
 3 SYSTEMPATH\Database\BaseBuilder.php(2345): CodeIgniter\Database\BaseConnection->query('INSERT INTO `user_subscription` (`user_id`, `subscription_id`, `start_date`, `end_date`, `status`, `created_on`, `created_by`, `modify_on`, `modify_by`) VALUES (:user_id:, :subscription_id:, :start_date:, :end_date:, :status:, :created_on:, :created_by:, :modify_on:, :modify_by:)', [...], false)
 4 SYSTEMPATH\Model.php(394): CodeIgniter\Database\BaseBuilder->insert()
 5 SYSTEMPATH\BaseModel.php(843): CodeIgniter\Model->doInsert([...])
 6 SYSTEMPATH\Model.php(800): CodeIgniter\BaseModel->insert([...], true)
 7 APPPATH\Controllers\Usersub.php(64): CodeIgniter\Model->insert([...])
 8 SYSTEMPATH\CodeIgniter.php(933): App\Controllers\Usersub->saveSubscription()
 9 SYSTEMPATH\CodeIgniter.php(507): CodeIgniter\CodeIgniter->runController(Object(App\Controllers\Usersub))
10 SYSTEMPATH\CodeIgniter.php(354): CodeIgniter\CodeIgniter->handleRequest(null, Object(Config\Cache), false)
11 SYSTEMPATH\Boot.php(334): CodeIgniter\CodeIgniter->run()
12 SYSTEMPATH\Boot.php(67): CodeIgniter\Boot::runCodeIgniter(Object(CodeIgniter\CodeIgniter))
13 FCPATH\index.php(59): CodeIgniter\Boot::bootWeb(Object(Config\Paths))
CRITICAL - 2025-06-11 08:26:12 --> [Caused by] mysqli_sql_exception: Column 'created_by' cannot be null
in SYSTEMPATH\Database\MySQLi\Connection.php on line 327.
 1 SYSTEMPATH\Database\MySQLi\Connection.php(327): mysqli->query('INSERT INTO `user_subscription` (`user_id`, `subscription_id`, `start_date`, `end_date`, `status`, `created_on`, `created_by`, `modify_on`, `modify_by`) VALUES (37, 12, \'2025-06-15\', \'2025-07-15\', 1, \'2025-06-11 08:26:12\', NULL, \'2025-06-11 08:26:12\', NULL)', 0)
 2 SYSTEMPATH\Database\BaseConnection.php(738): CodeIgniter\Database\MySQLi\Connection->execute('INSERT INTO `user_subscription` (`user_id`, `subscription_id`, `start_date`, `end_date`, `status`, `created_on`, `created_by`, `modify_on`, `modify_by`) VALUES (37, 12, \'2025-06-15\', \'2025-07-15\', 1, \'2025-06-11 08:26:12\', NULL, \'2025-06-11 08:26:12\', NULL)')
 3 SYSTEMPATH\Database\BaseConnection.php(652): CodeIgniter\Database\BaseConnection->simpleQuery('INSERT INTO `user_subscription` (`user_id`, `subscription_id`, `start_date`, `end_date`, `status`, `created_on`, `created_by`, `modify_on`, `modify_by`) VALUES (37, 12, \'2025-06-15\', \'2025-07-15\', 1, \'2025-06-11 08:26:12\', NULL, \'2025-06-11 08:26:12\', NULL)')
 4 SYSTEMPATH\Database\BaseBuilder.php(2345): CodeIgniter\Database\BaseConnection->query('INSERT INTO `user_subscription` (`user_id`, `subscription_id`, `start_date`, `end_date`, `status`, `created_on`, `created_by`, `modify_on`, `modify_by`) VALUES (:user_id:, :subscription_id:, :start_date:, :end_date:, :status:, :created_on:, :created_by:, :modify_on:, :modify_by:)', [...], false)
 5 SYSTEMPATH\Model.php(394): CodeIgniter\Database\BaseBuilder->insert()
 6 SYSTEMPATH\BaseModel.php(843): CodeIgniter\Model->doInsert([...])
 7 SYSTEMPATH\Model.php(800): CodeIgniter\BaseModel->insert([...], true)
 8 APPPATH\Controllers\Usersub.php(64): CodeIgniter\Model->insert([...])
 9 SYSTEMPATH\CodeIgniter.php(933): App\Controllers\Usersub->saveSubscription()
10 SYSTEMPATH\CodeIgniter.php(507): CodeIgniter\CodeIgniter->runController(Object(App\Controllers\Usersub))
11 SYSTEMPATH\CodeIgniter.php(354): CodeIgniter\CodeIgniter->handleRequest(null, Object(Config\Cache), false)
12 SYSTEMPATH\Boot.php(334): CodeIgniter\CodeIgniter->run()
13 SYSTEMPATH\Boot.php(67): CodeIgniter\Boot::runCodeIgniter(Object(CodeIgniter\CodeIgniter))
14 FCPATH\index.php(59): CodeIgniter\Boot::bootWeb(Object(Config\Paths))
ERROR - 2025-06-11 08:28:44 --> mysqli_sql_exception: Column 'modify_by' cannot be null in C:\xampp\htdocs\Cukkuboo\cukkuboo-php\system\Database\MySQLi\Connection.php:327
Stack trace:
#0 C:\xampp\htdocs\Cukkuboo\cukkuboo-php\system\Database\MySQLi\Connection.php(327): mysqli->query('INSERT INTO `us...', 0)
#1 C:\xampp\htdocs\Cukkuboo\cukkuboo-php\system\Database\BaseConnection.php(738): CodeIgniter\Database\MySQLi\Connection->execute('INSERT INTO `us...')
#2 C:\xampp\htdocs\Cukkuboo\cukkuboo-php\system\Database\BaseConnection.php(652): CodeIgniter\Database\BaseConnection->simpleQuery('INSERT INTO `us...')
#3 C:\xampp\htdocs\Cukkuboo\cukkuboo-php\system\Database\BaseBuilder.php(2345): CodeIgniter\Database\BaseConnection->query('INSERT INTO `us...', Array, false)
#4 C:\xampp\htdocs\Cukkuboo\cukkuboo-php\system\Model.php(394): CodeIgniter\Database\BaseBuilder->insert()
#5 C:\xampp\htdocs\Cukkuboo\cukkuboo-php\system\BaseModel.php(843): CodeIgniter\Model->doInsert(Array)
#6 C:\xampp\htdocs\Cukkuboo\cukkuboo-php\system\Model.php(800): CodeIgniter\BaseModel->insert(Array, true)
#7 C:\xampp\htdocs\Cukkuboo\cukkuboo-php\app\Controllers\Usersub.php(63): CodeIgniter\Model->insert(Array)
#8 C:\xampp\htdocs\Cukkuboo\cukkuboo-php\system\CodeIgniter.php(933): App\Controllers\Usersub->saveSubscription()
#9 C:\xampp\htdocs\Cukkuboo\cukkuboo-php\system\CodeIgniter.php(507): CodeIgniter\CodeIgniter->runController(Object(App\Controllers\Usersub))
#10 C:\xampp\htdocs\Cukkuboo\cukkuboo-php\system\CodeIgniter.php(354): CodeIgniter\CodeIgniter->handleRequest(NULL, Object(Config\Cache), false)
#11 C:\xampp\htdocs\Cukkuboo\cukkuboo-php\system\Boot.php(334): CodeIgniter\CodeIgniter->run()
#12 C:\xampp\htdocs\Cukkuboo\cukkuboo-php\system\Boot.php(67): CodeIgniter\Boot::runCodeIgniter(Object(CodeIgniter\CodeIgniter))
#13 C:\xampp\htdocs\Cukkuboo\cukkuboo-php\index.php(59): CodeIgniter\Boot::bootWeb(Object(Config\Paths))
#14 {main}
CRITICAL - 2025-06-11 08:28:44 --> CodeIgniter\Database\Exceptions\DatabaseException: Column 'modify_by' cannot be null
[Method: POST, Route: usersub/add]
in SYSTEMPATH\Database\BaseConnection.php on line 692.
 1 SYSTEMPATH\Database\BaseBuilder.php(2345): CodeIgniter\Database\BaseConnection->query('INSERT INTO `user_subscription` (`user_id`, `subscription_id`, `start_date`, `end_date`, `modify_on`, `modify_by`, `status`, `created_on`, `created_by`) VALUES (:user_id:, :subscription_id:, :start_date:, :end_date:, :modify_on:, :modify_by:, :status:, :created_on:, :created_by:)', [...], false)
 2 SYSTEMPATH\Model.php(394): CodeIgniter\Database\BaseBuilder->insert()
 3 SYSTEMPATH\BaseModel.php(843): CodeIgniter\Model->doInsert([...])
 4 SYSTEMPATH\Model.php(800): CodeIgniter\BaseModel->insert([...], true)
 5 APPPATH\Controllers\Usersub.php(63): CodeIgniter\Model->insert([...])
 6 SYSTEMPATH\CodeIgniter.php(933): App\Controllers\Usersub->saveSubscription()
 7 SYSTEMPATH\CodeIgniter.php(507): CodeIgniter\CodeIgniter->runController(Object(App\Controllers\Usersub))
 8 SYSTEMPATH\CodeIgniter.php(354): CodeIgniter\CodeIgniter->handleRequest(null, Object(Config\Cache), false)
 9 SYSTEMPATH\Boot.php(334): CodeIgniter\CodeIgniter->run()
10 SYSTEMPATH\Boot.php(67): CodeIgniter\Boot::runCodeIgniter(Object(CodeIgniter\CodeIgniter))
11 FCPATH\index.php(59): CodeIgniter\Boot::bootWeb(Object(Config\Paths))
CRITICAL - 2025-06-11 08:28:44 --> [Caused by] CodeIgniter\Database\Exceptions\DatabaseException: Column 'modify_by' cannot be null
in SYSTEMPATH\Database\MySQLi\Connection.php on line 332.
 1 SYSTEMPATH\Database\BaseConnection.php(738): CodeIgniter\Database\MySQLi\Connection->execute('INSERT INTO `user_subscription` (`user_id`, `subscription_id`, `start_date`, `end_date`, `modify_on`, `modify_by`, `status`, `created_on`, `created_by`) VALUES (37, 12, \'2025-06-15\', \'2025-07-15\', \'2025-06-11 08:28:44\', NULL, 1, \'2025-06-11 08:28:44\', NULL)')
 2 SYSTEMPATH\Database\BaseConnection.php(652): CodeIgniter\Database\BaseConnection->simpleQuery('INSERT INTO `user_subscription` (`user_id`, `subscription_id`, `start_date`, `end_date`, `modify_on`, `modify_by`, `status`, `created_on`, `created_by`) VALUES (37, 12, \'2025-06-15\', \'2025-07-15\', \'2025-06-11 08:28:44\', NULL, 1, \'2025-06-11 08:28:44\', NULL)')
 3 SYSTEMPATH\Database\BaseBuilder.php(2345): CodeIgniter\Database\BaseConnection->query('INSERT INTO `user_subscription` (`user_id`, `subscription_id`, `start_date`, `end_date`, `modify_on`, `modify_by`, `status`, `created_on`, `created_by`) VALUES (:user_id:, :subscription_id:, :start_date:, :end_date:, :modify_on:, :modify_by:, :status:, :created_on:, :created_by:)', [...], false)
 4 SYSTEMPATH\Model.php(394): CodeIgniter\Database\BaseBuilder->insert()
 5 SYSTEMPATH\BaseModel.php(843): CodeIgniter\Model->doInsert([...])
 6 SYSTEMPATH\Model.php(800): CodeIgniter\BaseModel->insert([...], true)
 7 APPPATH\Controllers\Usersub.php(63): CodeIgniter\Model->insert([...])
 8 SYSTEMPATH\CodeIgniter.php(933): App\Controllers\Usersub->saveSubscription()
 9 SYSTEMPATH\CodeIgniter.php(507): CodeIgniter\CodeIgniter->runController(Object(App\Controllers\Usersub))
10 SYSTEMPATH\CodeIgniter.php(354): CodeIgniter\CodeIgniter->handleRequest(null, Object(Config\Cache), false)
11 SYSTEMPATH\Boot.php(334): CodeIgniter\CodeIgniter->run()
12 SYSTEMPATH\Boot.php(67): CodeIgniter\Boot::runCodeIgniter(Object(CodeIgniter\CodeIgniter))
13 FCPATH\index.php(59): CodeIgniter\Boot::bootWeb(Object(Config\Paths))
CRITICAL - 2025-06-11 08:28:44 --> [Caused by] mysqli_sql_exception: Column 'modify_by' cannot be null
in SYSTEMPATH\Database\MySQLi\Connection.php on line 327.
 1 SYSTEMPATH\Database\MySQLi\Connection.php(327): mysqli->query('INSERT INTO `user_subscription` (`user_id`, `subscription_id`, `start_date`, `end_date`, `modify_on`, `modify_by`, `status`, `created_on`, `created_by`) VALUES (37, 12, \'2025-06-15\', \'2025-07-15\', \'2025-06-11 08:28:44\', NULL, 1, \'2025-06-11 08:28:44\', NULL)', 0)
 2 SYSTEMPATH\Database\BaseConnection.php(738): CodeIgniter\Database\MySQLi\Connection->execute('INSERT INTO `user_subscription` (`user_id`, `subscription_id`, `start_date`, `end_date`, `modify_on`, `modify_by`, `status`, `created_on`, `created_by`) VALUES (37, 12, \'2025-06-15\', \'2025-07-15\', \'2025-06-11 08:28:44\', NULL, 1, \'2025-06-11 08:28:44\', NULL)')
 3 SYSTEMPATH\Database\BaseConnection.php(652): CodeIgniter\Database\BaseConnection->simpleQuery('INSERT INTO `user_subscription` (`user_id`, `subscription_id`, `start_date`, `end_date`, `modify_on`, `modify_by`, `status`, `created_on`, `created_by`) VALUES (37, 12, \'2025-06-15\', \'2025-07-15\', \'2025-06-11 08:28:44\', NULL, 1, \'2025-06-11 08:28:44\', NULL)')
 4 SYSTEMPATH\Database\BaseBuilder.php(2345): CodeIgniter\Database\BaseConnection->query('INSERT INTO `user_subscription` (`user_id`, `subscription_id`, `start_date`, `end_date`, `modify_on`, `modify_by`, `status`, `created_on`, `created_by`) VALUES (:user_id:, :subscription_id:, :start_date:, :end_date:, :modify_on:, :modify_by:, :status:, :created_on:, :created_by:)', [...], false)
 5 SYSTEMPATH\Model.php(394): CodeIgniter\Database\BaseBuilder->insert()
 6 SYSTEMPATH\BaseModel.php(843): CodeIgniter\Model->doInsert([...])
 7 SYSTEMPATH\Model.php(800): CodeIgniter\BaseModel->insert([...], true)
 8 APPPATH\Controllers\Usersub.php(63): CodeIgniter\Model->insert([...])
 9 SYSTEMPATH\CodeIgniter.php(933): App\Controllers\Usersub->saveSubscription()
10 SYSTEMPATH\CodeIgniter.php(507): CodeIgniter\CodeIgniter->runController(Object(App\Controllers\Usersub))
11 SYSTEMPATH\CodeIgniter.php(354): CodeIgniter\CodeIgniter->handleRequest(null, Object(Config\Cache), false)
12 SYSTEMPATH\Boot.php(334): CodeIgniter\CodeIgniter->run()
13 SYSTEMPATH\Boot.php(67): CodeIgniter\Boot::runCodeIgniter(Object(CodeIgniter\CodeIgniter))
14 FCPATH\index.php(59): CodeIgniter\Boot::bootWeb(Object(Config\Paths))
ERROR - 2025-06-11 08:28:47 --> mysqli_sql_exception: Column 'modify_by' cannot be null in C:\xampp\htdocs\Cukkuboo\cukkuboo-php\system\Database\MySQLi\Connection.php:327
Stack trace:
#0 C:\xampp\htdocs\Cukkuboo\cukkuboo-php\system\Database\MySQLi\Connection.php(327): mysqli->query('INSERT INTO `us...', 0)
#1 C:\xampp\htdocs\Cukkuboo\cukkuboo-php\system\Database\BaseConnection.php(738): CodeIgniter\Database\MySQLi\Connection->execute('INSERT INTO `us...')
#2 C:\xampp\htdocs\Cukkuboo\cukkuboo-php\system\Database\BaseConnection.php(652): CodeIgniter\Database\BaseConnection->simpleQuery('INSERT INTO `us...')
#3 C:\xampp\htdocs\Cukkuboo\cukkuboo-php\system\Database\BaseBuilder.php(2345): CodeIgniter\Database\BaseConnection->query('INSERT INTO `us...', Array, false)
#4 C:\xampp\htdocs\Cukkuboo\cukkuboo-php\system\Model.php(394): CodeIgniter\Database\BaseBuilder->insert()
#5 C:\xampp\htdocs\Cukkuboo\cukkuboo-php\system\BaseModel.php(843): CodeIgniter\Model->doInsert(Array)
#6 C:\xampp\htdocs\Cukkuboo\cukkuboo-php\system\Model.php(800): CodeIgniter\BaseModel->insert(Array, true)
#7 C:\xampp\htdocs\Cukkuboo\cukkuboo-php\app\Controllers\Usersub.php(63): CodeIgniter\Model->insert(Array)
#8 C:\xampp\htdocs\Cukkuboo\cukkuboo-php\system\CodeIgniter.php(933): App\Controllers\Usersub->saveSubscription()
#9 C:\xampp\htdocs\Cukkuboo\cukkuboo-php\system\CodeIgniter.php(507): CodeIgniter\CodeIgniter->runController(Object(App\Controllers\Usersub))
#10 C:\xampp\htdocs\Cukkuboo\cukkuboo-php\system\CodeIgniter.php(354): CodeIgniter\CodeIgniter->handleRequest(NULL, Object(Config\Cache), false)
#11 C:\xampp\htdocs\Cukkuboo\cukkuboo-php\system\Boot.php(334): CodeIgniter\CodeIgniter->run()
#12 C:\xampp\htdocs\Cukkuboo\cukkuboo-php\system\Boot.php(67): CodeIgniter\Boot::runCodeIgniter(Object(CodeIgniter\CodeIgniter))
#13 C:\xampp\htdocs\Cukkuboo\cukkuboo-php\index.php(59): CodeIgniter\Boot::bootWeb(Object(Config\Paths))
#14 {main}
CRITICAL - 2025-06-11 08:28:47 --> CodeIgniter\Database\Exceptions\DatabaseException: Column 'modify_by' cannot be null
[Method: POST, Route: usersub/add]
in SYSTEMPATH\Database\BaseConnection.php on line 692.
 1 SYSTEMPATH\Database\BaseBuilder.php(2345): CodeIgniter\Database\BaseConnection->query('INSERT INTO `user_subscription` (`user_id`, `subscription_id`, `start_date`, `end_date`, `modify_on`, `modify_by`, `status`, `created_on`, `created_by`) VALUES (:user_id:, :subscription_id:, :start_date:, :end_date:, :modify_on:, :modify_by:, :status:, :created_on:, :created_by:)', [...], false)
 2 SYSTEMPATH\Model.php(394): CodeIgniter\Database\BaseBuilder->insert()
 3 SYSTEMPATH\BaseModel.php(843): CodeIgniter\Model->doInsert([...])
 4 SYSTEMPATH\Model.php(800): CodeIgniter\BaseModel->insert([...], true)
 5 APPPATH\Controllers\Usersub.php(63): CodeIgniter\Model->insert([...])
 6 SYSTEMPATH\CodeIgniter.php(933): App\Controllers\Usersub->saveSubscription()
 7 SYSTEMPATH\CodeIgniter.php(507): CodeIgniter\CodeIgniter->runController(Object(App\Controllers\Usersub))
 8 SYSTEMPATH\CodeIgniter.php(354): CodeIgniter\CodeIgniter->handleRequest(null, Object(Config\Cache), false)
 9 SYSTEMPATH\Boot.php(334): CodeIgniter\CodeIgniter->run()
10 SYSTEMPATH\Boot.php(67): CodeIgniter\Boot::runCodeIgniter(Object(CodeIgniter\CodeIgniter))
11 FCPATH\index.php(59): CodeIgniter\Boot::bootWeb(Object(Config\Paths))
CRITICAL - 2025-06-11 08:28:47 --> [Caused by] CodeIgniter\Database\Exceptions\DatabaseException: Column 'modify_by' cannot be null
in SYSTEMPATH\Database\MySQLi\Connection.php on line 332.
 1 SYSTEMPATH\Database\BaseConnection.php(738): CodeIgniter\Database\MySQLi\Connection->execute('INSERT INTO `user_subscription` (`user_id`, `subscription_id`, `start_date`, `end_date`, `modify_on`, `modify_by`, `status`, `created_on`, `created_by`) VALUES (37, 12, \'2025-06-15\', \'2025-07-15\', \'2025-06-11 08:28:47\', NULL, 1, \'2025-06-11 08:28:47\', NULL)')
 2 SYSTEMPATH\Database\BaseConnection.php(652): CodeIgniter\Database\BaseConnection->simpleQuery('INSERT INTO `user_subscription` (`user_id`, `subscription_id`, `start_date`, `end_date`, `modify_on`, `modify_by`, `status`, `created_on`, `created_by`) VALUES (37, 12, \'2025-06-15\', \'2025-07-15\', \'2025-06-11 08:28:47\', NULL, 1, \'2025-06-11 08:28:47\', NULL)')
 3 SYSTEMPATH\Database\BaseBuilder.php(2345): CodeIgniter\Database\BaseConnection->query('INSERT INTO `user_subscription` (`user_id`, `subscription_id`, `start_date`, `end_date`, `modify_on`, `modify_by`, `status`, `created_on`, `created_by`) VALUES (:user_id:, :subscription_id:, :start_date:, :end_date:, :modify_on:, :modify_by:, :status:, :created_on:, :created_by:)', [...], false)
 4 SYSTEMPATH\Model.php(394): CodeIgniter\Database\BaseBuilder->insert()
 5 SYSTEMPATH\BaseModel.php(843): CodeIgniter\Model->doInsert([...])
 6 SYSTEMPATH\Model.php(800): CodeIgniter\BaseModel->insert([...], true)
 7 APPPATH\Controllers\Usersub.php(63): CodeIgniter\Model->insert([...])
 8 SYSTEMPATH\CodeIgniter.php(933): App\Controllers\Usersub->saveSubscription()
 9 SYSTEMPATH\CodeIgniter.php(507): CodeIgniter\CodeIgniter->runController(Object(App\Controllers\Usersub))
10 SYSTEMPATH\CodeIgniter.php(354): CodeIgniter\CodeIgniter->handleRequest(null, Object(Config\Cache), false)
11 SYSTEMPATH\Boot.php(334): CodeIgniter\CodeIgniter->run()
12 SYSTEMPATH\Boot.php(67): CodeIgniter\Boot::runCodeIgniter(Object(CodeIgniter\CodeIgniter))
13 FCPATH\index.php(59): CodeIgniter\Boot::bootWeb(Object(Config\Paths))
CRITICAL - 2025-06-11 08:28:47 --> [Caused by] mysqli_sql_exception: Column 'modify_by' cannot be null
in SYSTEMPATH\Database\MySQLi\Connection.php on line 327.
 1 SYSTEMPATH\Database\MySQLi\Connection.php(327): mysqli->query('INSERT INTO `user_subscription` (`user_id`, `subscription_id`, `start_date`, `end_date`, `modify_on`, `modify_by`, `status`, `created_on`, `created_by`) VALUES (37, 12, \'2025-06-15\', \'2025-07-15\', \'2025-06-11 08:28:47\', NULL, 1, \'2025-06-11 08:28:47\', NULL)', 0)
 2 SYSTEMPATH\Database\BaseConnection.php(738): CodeIgniter\Database\MySQLi\Connection->execute('INSERT INTO `user_subscription` (`user_id`, `subscription_id`, `start_date`, `end_date`, `modify_on`, `modify_by`, `status`, `created_on`, `created_by`) VALUES (37, 12, \'2025-06-15\', \'2025-07-15\', \'2025-06-11 08:28:47\', NULL, 1, \'2025-06-11 08:28:47\', NULL)')
 3 SYSTEMPATH\Database\BaseConnection.php(652): CodeIgniter\Database\BaseConnection->simpleQuery('INSERT INTO `user_subscription` (`user_id`, `subscription_id`, `start_date`, `end_date`, `modify_on`, `modify_by`, `status`, `created_on`, `created_by`) VALUES (37, 12, \'2025-06-15\', \'2025-07-15\', \'2025-06-11 08:28:47\', NULL, 1, \'2025-06-11 08:28:47\', NULL)')
 4 SYSTEMPATH\Database\BaseBuilder.php(2345): CodeIgniter\Database\BaseConnection->query('INSERT INTO `user_subscription` (`user_id`, `subscription_id`, `start_date`, `end_date`, `modify_on`, `modify_by`, `status`, `created_on`, `created_by`) VALUES (:user_id:, :subscription_id:, :start_date:, :end_date:, :modify_on:, :modify_by:, :status:, :created_on:, :created_by:)', [...], false)
 5 SYSTEMPATH\Model.php(394): CodeIgniter\Database\BaseBuilder->insert()
 6 SYSTEMPATH\BaseModel.php(843): CodeIgniter\Model->doInsert([...])
 7 SYSTEMPATH\Model.php(800): CodeIgniter\BaseModel->insert([...], true)
 8 APPPATH\Controllers\Usersub.php(63): CodeIgniter\Model->insert([...])
 9 SYSTEMPATH\CodeIgniter.php(933): App\Controllers\Usersub->saveSubscription()
10 SYSTEMPATH\CodeIgniter.php(507): CodeIgniter\CodeIgniter->runController(Object(App\Controllers\Usersub))
11 SYSTEMPATH\CodeIgniter.php(354): CodeIgniter\CodeIgniter->handleRequest(null, Object(Config\Cache), false)
12 SYSTEMPATH\Boot.php(334): CodeIgniter\CodeIgniter->run()
13 SYSTEMPATH\Boot.php(67): CodeIgniter\Boot::runCodeIgniter(Object(CodeIgniter\CodeIgniter))
14 FCPATH\index.php(59): CodeIgniter\Boot::bootWeb(Object(Config\Paths))
ERROR - 2025-06-11 08:29:47 --> mysqli_sql_exception: Column 'created_by' cannot be null in C:\xampp\htdocs\Cukkuboo\cukkuboo-php\system\Database\MySQLi\Connection.php:327
Stack trace:
#0 C:\xampp\htdocs\Cukkuboo\cukkuboo-php\system\Database\MySQLi\Connection.php(327): mysqli->query('INSERT INTO `us...', 0)
#1 C:\xampp\htdocs\Cukkuboo\cukkuboo-php\system\Database\BaseConnection.php(738): CodeIgniter\Database\MySQLi\Connection->execute('INSERT INTO `us...')
#2 C:\xampp\htdocs\Cukkuboo\cukkuboo-php\system\Database\BaseConnection.php(652): CodeIgniter\Database\BaseConnection->simpleQuery('INSERT INTO `us...')
#3 C:\xampp\htdocs\Cukkuboo\cukkuboo-php\system\Database\BaseBuilder.php(2345): CodeIgniter\Database\BaseConnection->query('INSERT INTO `us...', Array, false)
#4 C:\xampp\htdocs\Cukkuboo\cukkuboo-php\system\Model.php(394): CodeIgniter\Database\BaseBuilder->insert()
#5 C:\xampp\htdocs\Cukkuboo\cukkuboo-php\system\BaseModel.php(843): CodeIgniter\Model->doInsert(Array)
#6 C:\xampp\htdocs\Cukkuboo\cukkuboo-php\system\Model.php(800): CodeIgniter\BaseModel->insert(Array, true)
#7 C:\xampp\htdocs\Cukkuboo\cukkuboo-php\app\Controllers\Usersub.php(64): CodeIgniter\Model->insert(Array)
#8 C:\xampp\htdocs\Cukkuboo\cukkuboo-php\system\CodeIgniter.php(933): App\Controllers\Usersub->saveSubscription()
#9 C:\xampp\htdocs\Cukkuboo\cukkuboo-php\system\CodeIgniter.php(507): CodeIgniter\CodeIgniter->runController(Object(App\Controllers\Usersub))
#10 C:\xampp\htdocs\Cukkuboo\cukkuboo-php\system\CodeIgniter.php(354): CodeIgniter\CodeIgniter->handleRequest(NULL, Object(Config\Cache), false)
#11 C:\xampp\htdocs\Cukkuboo\cukkuboo-php\system\Boot.php(334): CodeIgniter\CodeIgniter->run()
#12 C:\xampp\htdocs\Cukkuboo\cukkuboo-php\system\Boot.php(67): CodeIgniter\Boot::runCodeIgniter(Object(CodeIgniter\CodeIgniter))
#13 C:\xampp\htdocs\Cukkuboo\cukkuboo-php\index.php(59): CodeIgniter\Boot::bootWeb(Object(Config\Paths))
#14 {main}
CRITICAL - 2025-06-11 08:29:47 --> CodeIgniter\Database\Exceptions\DatabaseException: Column 'created_by' cannot be null
[Method: POST, Route: usersub/add]
in SYSTEMPATH\Database\BaseConnection.php on line 692.
 1 SYSTEMPATH\Database\BaseBuilder.php(2345): CodeIgniter\Database\BaseConnection->query('INSERT INTO `user_subscription` (`user_id`, `subscription_id`, `start_date`, `end_date`, `modify_on`, `modify_by`, `status`, `created_on`, `created_by`) VALUES (:user_id:, :subscription_id:, :start_date:, :end_date:, :modify_on:, :modify_by:, :status:, :created_on:, :created_by:)', [...], false)
 2 SYSTEMPATH\Model.php(394): CodeIgniter\Database\BaseBuilder->insert()
 3 SYSTEMPATH\BaseModel.php(843): CodeIgniter\Model->doInsert([...])
 4 SYSTEMPATH\Model.php(800): CodeIgniter\BaseModel->insert([...], true)
 5 APPPATH\Controllers\Usersub.php(64): CodeIgniter\Model->insert([...])
 6 SYSTEMPATH\CodeIgniter.php(933): App\Controllers\Usersub->saveSubscription()
 7 SYSTEMPATH\CodeIgniter.php(507): CodeIgniter\CodeIgniter->runController(Object(App\Controllers\Usersub))
 8 SYSTEMPATH\CodeIgniter.php(354): CodeIgniter\CodeIgniter->handleRequest(null, Object(Config\Cache), false)
 9 SYSTEMPATH\Boot.php(334): CodeIgniter\CodeIgniter->run()
10 SYSTEMPATH\Boot.php(67): CodeIgniter\Boot::runCodeIgniter(Object(CodeIgniter\CodeIgniter))
11 FCPATH\index.php(59): CodeIgniter\Boot::bootWeb(Object(Config\Paths))
CRITICAL - 2025-06-11 08:29:47 --> [Caused by] CodeIgniter\Database\Exceptions\DatabaseException: Column 'created_by' cannot be null
in SYSTEMPATH\Database\MySQLi\Connection.php on line 332.
 1 SYSTEMPATH\Database\BaseConnection.php(738): CodeIgniter\Database\MySQLi\Connection->execute('INSERT INTO `user_subscription` (`user_id`, `subscription_id`, `start_date`, `end_date`, `modify_on`, `modify_by`, `status`, `created_on`, `created_by`) VALUES (37, 12, \'2025-06-15\', \'2025-07-15\', \'2025-06-11 08:29:47\', 0, 1, \'2025-06-11 08:29:47\', NULL)')
 2 SYSTEMPATH\Database\BaseConnection.php(652): CodeIgniter\Database\BaseConnection->simpleQuery('INSERT INTO `user_subscription` (`user_id`, `subscription_id`, `start_date`, `end_date`, `modify_on`, `modify_by`, `status`, `created_on`, `created_by`) VALUES (37, 12, \'2025-06-15\', \'2025-07-15\', \'2025-06-11 08:29:47\', 0, 1, \'2025-06-11 08:29:47\', NULL)')
 3 SYSTEMPATH\Database\BaseBuilder.php(2345): CodeIgniter\Database\BaseConnection->query('INSERT INTO `user_subscription` (`user_id`, `subscription_id`, `start_date`, `end_date`, `modify_on`, `modify_by`, `status`, `created_on`, `created_by`) VALUES (:user_id:, :subscription_id:, :start_date:, :end_date:, :modify_on:, :modify_by:, :status:, :created_on:, :created_by:)', [...], false)
 4 SYSTEMPATH\Model.php(394): CodeIgniter\Database\BaseBuilder->insert()
 5 SYSTEMPATH\BaseModel.php(843): CodeIgniter\Model->doInsert([...])
 6 SYSTEMPATH\Model.php(800): CodeIgniter\BaseModel->insert([...], true)
 7 APPPATH\Controllers\Usersub.php(64): CodeIgniter\Model->insert([...])
 8 SYSTEMPATH\CodeIgniter.php(933): App\Controllers\Usersub->saveSubscription()
 9 SYSTEMPATH\CodeIgniter.php(507): CodeIgniter\CodeIgniter->runController(Object(App\Controllers\Usersub))
10 SYSTEMPATH\CodeIgniter.php(354): CodeIgniter\CodeIgniter->handleRequest(null, Object(Config\Cache), false)
11 SYSTEMPATH\Boot.php(334): CodeIgniter\CodeIgniter->run()
12 SYSTEMPATH\Boot.php(67): CodeIgniter\Boot::runCodeIgniter(Object(CodeIgniter\CodeIgniter))
13 FCPATH\index.php(59): CodeIgniter\Boot::bootWeb(Object(Config\Paths))
CRITICAL - 2025-06-11 08:29:47 --> [Caused by] mysqli_sql_exception: Column 'created_by' cannot be null
in SYSTEMPATH\Database\MySQLi\Connection.php on line 327.
 1 SYSTEMPATH\Database\MySQLi\Connection.php(327): mysqli->query('INSERT INTO `user_subscription` (`user_id`, `subscription_id`, `start_date`, `end_date`, `modify_on`, `modify_by`, `status`, `created_on`, `created_by`) VALUES (37, 12, \'2025-06-15\', \'2025-07-15\', \'2025-06-11 08:29:47\', 0, 1, \'2025-06-11 08:29:47\', NULL)', 0)
 2 SYSTEMPATH\Database\BaseConnection.php(738): CodeIgniter\Database\MySQLi\Connection->execute('INSERT INTO `user_subscription` (`user_id`, `subscription_id`, `start_date`, `end_date`, `modify_on`, `modify_by`, `status`, `created_on`, `created_by`) VALUES (37, 12, \'2025-06-15\', \'2025-07-15\', \'2025-06-11 08:29:47\', 0, 1, \'2025-06-11 08:29:47\', NULL)')
 3 SYSTEMPATH\Database\BaseConnection.php(652): CodeIgniter\Database\BaseConnection->simpleQuery('INSERT INTO `user_subscription` (`user_id`, `subscription_id`, `start_date`, `end_date`, `modify_on`, `modify_by`, `status`, `created_on`, `created_by`) VALUES (37, 12, \'2025-06-15\', \'2025-07-15\', \'2025-06-11 08:29:47\', 0, 1, \'2025-06-11 08:29:47\', NULL)')
 4 SYSTEMPATH\Database\BaseBuilder.php(2345): CodeIgniter\Database\BaseConnection->query('INSERT INTO `user_subscription` (`user_id`, `subscription_id`, `start_date`, `end_date`, `modify_on`, `modify_by`, `status`, `created_on`, `created_by`) VALUES (:user_id:, :subscription_id:, :start_date:, :end_date:, :modify_on:, :modify_by:, :status:, :created_on:, :created_by:)', [...], false)
 5 SYSTEMPATH\Model.php(394): CodeIgniter\Database\BaseBuilder->insert()
 6 SYSTEMPATH\BaseModel.php(843): CodeIgniter\Model->doInsert([...])
 7 SYSTEMPATH\Model.php(800): CodeIgniter\BaseModel->insert([...], true)
 8 APPPATH\Controllers\Usersub.php(64): CodeIgniter\Model->insert([...])
 9 SYSTEMPATH\CodeIgniter.php(933): App\Controllers\Usersub->saveSubscription()
10 SYSTEMPATH\CodeIgniter.php(507): CodeIgniter\CodeIgniter->runController(Object(App\Controllers\Usersub))
11 SYSTEMPATH\CodeIgniter.php(354): CodeIgniter\CodeIgniter->handleRequest(null, Object(Config\Cache), false)
12 SYSTEMPATH\Boot.php(334): CodeIgniter\CodeIgniter->run()
13 SYSTEMPATH\Boot.php(67): CodeIgniter\Boot::runCodeIgniter(Object(CodeIgniter\CodeIgniter))
14 FCPATH\index.php(59): CodeIgniter\Boot::bootWeb(Object(Config\Paths))
