CRITICAL - 2025-05-28 03:43:18 --> ErrorException: Undefined property: App\Controllers\Login::$UserModel
[Method: POST, Route: Login/login]
in APPPATH\Controllers\Login.php on line 59.
 1 APPPATH\Controllers\Login.php(59): CodeIgniter\Debug\Exceptions->errorHandler(2, 'Undefined property: App\\Controllers\\Login::$UserModel', 'C:\\xampp\\htdocs\\Cukkuboo\\cukkuboo-php\\app\\Controllers\\Login.php', 59)
 2 SYSTEMPATH\CodeIgniter.php(933): App\Controllers\Login->loginFun()
 3 SYSTEMPATH\CodeIgniter.php(507): CodeIgniter\CodeIgniter->runController(Object(App\Controllers\Login))
 4 SYSTEMPATH\CodeIgniter.php(354): CodeIgniter\CodeIgniter->handleRequest(null, Object(Config\Cache), false)
 5 SYSTEMPATH\Boot.php(334): CodeIgniter\CodeIgniter->run()
 6 SYSTEMPATH\Boot.php(67): CodeIgniter\Boot::runCodeIgniter(Object(CodeIgniter\CodeIgniter))
 7 FCPATH\index.php(59): CodeIgniter\Boot::bootWeb(Object(Config\Paths))
CRITICAL - 2025-05-28 03:44:29 --> ErrorException: Undefined array key "jwt_token"
[Method: POST, Route: Login/login]
in APPPATH\Controllers\Login.php on line 76.
 1 APPPATH\Controllers\Login.php(76): CodeIgniter\Debug\Exceptions->errorHandler(2, 'Undefined array key "jwt_token"', 'C:\\xampp\\htdocs\\Cukkuboo\\cukkuboo-php\\app\\Controllers\\Login.php', 76)
 2 SYSTEMPATH\CodeIgniter.php(933): App\Controllers\Login->loginFun()
 3 SYSTEMPATH\CodeIgniter.php(507): CodeIgniter\CodeIgniter->runController(Object(App\Controllers\Login))
 4 SYSTEMPATH\CodeIgniter.php(354): CodeIgniter\CodeIgniter->handleRequest(null, Object(Config\Cache), false)
 5 SYSTEMPATH\Boot.php(334): CodeIgniter\CodeIgniter->run()
 6 SYSTEMPATH\Boot.php(67): CodeIgniter\Boot::runCodeIgniter(Object(CodeIgniter\CodeIgniter))
 7 FCPATH\index.php(59): CodeIgniter\Boot::bootWeb(Object(Config\Paths))
CRITICAL - 2025-05-28 04:47:02 --> CodeIgniter\HTTP\Exceptions\HTTPException: Failed to parse JSON string. Error: Control character error, possibly incorrectly encoded
[Method: POST, Route: Login/login]
in SYSTEMPATH\HTTP\IncomingRequest.php on line 537.
 1 SYSTEMPATH\HTTP\IncomingRequest.php(537): CodeIgniter\HTTP\Exceptions\HTTPException::forInvalidJSON('Control character error, possibly incorrectly encoded')
 2 APPPATH\Controllers\Login.php(19): CodeIgniter\HTTP\IncomingRequest->getJSON(true)
 3 SYSTEMPATH\CodeIgniter.php(933): App\Controllers\Login->loginFun()
 4 SYSTEMPATH\CodeIgniter.php(507): CodeIgniter\CodeIgniter->runController(Object(App\Controllers\Login))
 5 SYSTEMPATH\CodeIgniter.php(354): CodeIgniter\CodeIgniter->handleRequest(null, Object(Config\Cache), false)
 6 SYSTEMPATH\Boot.php(334): CodeIgniter\CodeIgniter->run()
 7 SYSTEMPATH\Boot.php(67): CodeIgniter\Boot::runCodeIgniter(Object(CodeIgniter\CodeIgniter))
 8 FCPATH\index.php(59): CodeIgniter\Boot::bootWeb(Object(Config\Paths))
CRITICAL - 2025-05-28 05:23:07 --> Error: Class "App\Models\GenreModel" not found
[Method: GET, Route: Genres/genres]
in APPPATH\Controllers\Genres.php on line 14.
 1 SYSTEMPATH\CodeIgniter.php(903): App\Controllers\Genres->__construct()
 2 SYSTEMPATH\CodeIgniter.php(498): CodeIgniter\CodeIgniter->createController()
 3 SYSTEMPATH\CodeIgniter.php(354): CodeIgniter\CodeIgniter->handleRequest(null, Object(Config\Cache), false)
 4 SYSTEMPATH\Boot.php(334): CodeIgniter\CodeIgniter->run()
 5 SYSTEMPATH\Boot.php(67): CodeIgniter\Boot::runCodeIgniter(Object(CodeIgniter\CodeIgniter))
 6 FCPATH\index.php(59): CodeIgniter\Boot::bootWeb(Object(Config\Paths))
CRITICAL - 2025-05-28 05:23:42 --> Error: Class "App\Controllers\GenreModel" not found
[Method: GET, Route: Genres/genres]
in APPPATH\Controllers\Genres.php on line 14.
 1 SYSTEMPATH\CodeIgniter.php(903): App\Controllers\Genres->__construct()
 2 SYSTEMPATH\CodeIgniter.php(498): CodeIgniter\CodeIgniter->createController()
 3 SYSTEMPATH\CodeIgniter.php(354): CodeIgniter\CodeIgniter->handleRequest(null, Object(Config\Cache), false)
 4 SYSTEMPATH\Boot.php(334): CodeIgniter\CodeIgniter->run()
 5 SYSTEMPATH\Boot.php(67): CodeIgniter\Boot::runCodeIgniter(Object(CodeIgniter\CodeIgniter))
 6 FCPATH\index.php(59): CodeIgniter\Boot::bootWeb(Object(Config\Paths))
CRITICAL - 2025-05-28 05:25:39 --> ParseError: syntax error, unexpected string content "Genre deleted successfull"
[Method: GET, Route: Genres/genres]
in APPPATH\Controllers\Genres.php on line 108.
 1 SYSTEMPATH\Autoloader\Autoloader.php(295): CodeIgniter\Autoloader\Autoloader->includeFile('C:\\xampp\\htdocs\\Cukkuboo\\cukkuboo-php\\app\\Controllers\\Genres.php')
 2 SYSTEMPATH\Autoloader\Autoloader.php(271): CodeIgniter\Autoloader\Autoloader->loadInNamespace('App\\Controllers\\Genres')
 3 [internal function]: CodeIgniter\Autoloader\Autoloader->loadClass('App\\Controllers\\Genres')
 4 SYSTEMPATH\CodeIgniter.php(885): class_exists('\\App\\Controllers\\Genres', true)
 5 SYSTEMPATH\CodeIgniter.php(494): CodeIgniter\CodeIgniter->startController()
 6 SYSTEMPATH\CodeIgniter.php(354): CodeIgniter\CodeIgniter->handleRequest(null, Object(Config\Cache), false)
 7 SYSTEMPATH\Boot.php(334): CodeIgniter\CodeIgniter->run()
 8 SYSTEMPATH\Boot.php(67): CodeIgniter\Boot::runCodeIgniter(Object(CodeIgniter\CodeIgniter))
 9 FCPATH\index.php(59): CodeIgniter\Boot::bootWeb(Object(Config\Paths))
CRITICAL - 2025-05-28 05:26:23 --> Error: Class "App\Controllers\GenreModel" not found
[Method: GET, Route: Genres/genres]
in APPPATH\Controllers\Genres.php on line 14.
 1 SYSTEMPATH\CodeIgniter.php(903): App\Controllers\Genres->__construct()
 2 SYSTEMPATH\CodeIgniter.php(498): CodeIgniter\CodeIgniter->createController()
 3 SYSTEMPATH\CodeIgniter.php(354): CodeIgniter\CodeIgniter->handleRequest(null, Object(Config\Cache), false)
 4 SYSTEMPATH\Boot.php(334): CodeIgniter\CodeIgniter->run()
 5 SYSTEMPATH\Boot.php(67): CodeIgniter\Boot::runCodeIgniter(Object(CodeIgniter\CodeIgniter))
 6 FCPATH\index.php(59): CodeIgniter\Boot::bootWeb(Object(Config\Paths))
CRITICAL - 2025-05-28 05:33:31 --> Error: Call to undefined method App\Controllers\Genres::failValidationError()
[Method: POST, Route: Genres/genres]
in APPPATH\Controllers\Genres.php on line 40.
 1 SYSTEMPATH\CodeIgniter.php(933): App\Controllers\Genres->create()
 2 SYSTEMPATH\CodeIgniter.php(507): CodeIgniter\CodeIgniter->runController(Object(App\Controllers\Genres))
 3 SYSTEMPATH\CodeIgniter.php(354): CodeIgniter\CodeIgniter->handleRequest(null, Object(Config\Cache), false)
 4 SYSTEMPATH\Boot.php(334): CodeIgniter\CodeIgniter->run()
 5 SYSTEMPATH\Boot.php(67): CodeIgniter\Boot::runCodeIgniter(Object(CodeIgniter\CodeIgniter))
 6 FCPATH\index.php(59): CodeIgniter\Boot::bootWeb(Object(Config\Paths))
ERROR - 2025-05-28 05:34:02 --> mysqli_sql_exception: Unknown column 'genre_id' in 'where clause' in C:\xampp\htdocs\Cukkuboo\cukkuboo-php\system\Database\MySQLi\Connection.php:327
Stack trace:
#0 C:\xampp\htdocs\Cukkuboo\cukkuboo-php\system\Database\MySQLi\Connection.php(327): mysqli->query('SELECT *\nFROM `...', 0)
#1 C:\xampp\htdocs\Cukkuboo\cukkuboo-php\system\Database\BaseConnection.php(738): CodeIgniter\Database\MySQLi\Connection->execute('SELECT *\nFROM `...')
#2 C:\xampp\htdocs\Cukkuboo\cukkuboo-php\system\Database\BaseConnection.php(652): CodeIgniter\Database\BaseConnection->simpleQuery('SELECT *\nFROM `...')
#3 C:\xampp\htdocs\Cukkuboo\cukkuboo-php\system\Database\BaseBuilder.php(1649): CodeIgniter\Database\BaseConnection->query('SELECT *\nFROM `...', Array, false)
#4 C:\xampp\htdocs\Cukkuboo\cukkuboo-php\app\Models\GenresModel.php(43): CodeIgniter\Database\BaseBuilder->get()
#5 C:\xampp\htdocs\Cukkuboo\cukkuboo-php\app\Controllers\Genres.php(100): App\Models\GenresModel->genreExists('2')
#6 C:\xampp\htdocs\Cukkuboo\cukkuboo-php\system\CodeIgniter.php(933): App\Controllers\Genres->delete('2')
#7 C:\xampp\htdocs\Cukkuboo\cukkuboo-php\system\CodeIgniter.php(507): CodeIgniter\CodeIgniter->runController(Object(App\Controllers\Genres))
#8 C:\xampp\htdocs\Cukkuboo\cukkuboo-php\system\CodeIgniter.php(354): CodeIgniter\CodeIgniter->handleRequest(NULL, Object(Config\Cache), false)
#9 C:\xampp\htdocs\Cukkuboo\cukkuboo-php\system\Boot.php(334): CodeIgniter\CodeIgniter->run()
#10 C:\xampp\htdocs\Cukkuboo\cukkuboo-php\system\Boot.php(67): CodeIgniter\Boot::runCodeIgniter(Object(CodeIgniter\CodeIgniter))
#11 C:\xampp\htdocs\Cukkuboo\cukkuboo-php\index.php(59): CodeIgniter\Boot::bootWeb(Object(Config\Paths))
#12 {main}
CRITICAL - 2025-05-28 05:34:02 --> CodeIgniter\Database\Exceptions\DatabaseException: Unknown column 'genre_id' in 'where clause'
[Method: DELETE, Route: Genres/genres/2]
in SYSTEMPATH\Database\BaseConnection.php on line 692.
 1 SYSTEMPATH\Database\BaseBuilder.php(1649): CodeIgniter\Database\BaseConnection->query('SELECT *
FROM `genres`
WHERE `genre_id` = :genre_id:', [...], false)
 2 APPPATH\Models\GenresModel.php(43): CodeIgniter\Database\BaseBuilder->get()
 3 APPPATH\Controllers\Genres.php(100): App\Models\GenresModel->genreExists('2')
 4 SYSTEMPATH\CodeIgniter.php(933): App\Controllers\Genres->delete('2')
 5 SYSTEMPATH\CodeIgniter.php(507): CodeIgniter\CodeIgniter->runController(Object(App\Controllers\Genres))
 6 SYSTEMPATH\CodeIgniter.php(354): CodeIgniter\CodeIgniter->handleRequest(null, Object(Config\Cache), false)
 7 SYSTEMPATH\Boot.php(334): CodeIgniter\CodeIgniter->run()
 8 SYSTEMPATH\Boot.php(67): CodeIgniter\Boot::runCodeIgniter(Object(CodeIgniter\CodeIgniter))
 9 FCPATH\index.php(59): CodeIgniter\Boot::bootWeb(Object(Config\Paths))
CRITICAL - 2025-05-28 05:34:02 --> [Caused by] CodeIgniter\Database\Exceptions\DatabaseException: Unknown column 'genre_id' in 'where clause'
in SYSTEMPATH\Database\MySQLi\Connection.php on line 332.
 1 SYSTEMPATH\Database\BaseConnection.php(738): CodeIgniter\Database\MySQLi\Connection->execute('SELECT *
FROM `genres`
WHERE `genre_id` = \'2\'')
 2 SYSTEMPATH\Database\BaseConnection.php(652): CodeIgniter\Database\BaseConnection->simpleQuery('SELECT *
FROM `genres`
WHERE `genre_id` = \'2\'')
 3 SYSTEMPATH\Database\BaseBuilder.php(1649): CodeIgniter\Database\BaseConnection->query('SELECT *
FROM `genres`
WHERE `genre_id` = :genre_id:', [...], false)
 4 APPPATH\Models\GenresModel.php(43): CodeIgniter\Database\BaseBuilder->get()
 5 APPPATH\Controllers\Genres.php(100): App\Models\GenresModel->genreExists('2')
 6 SYSTEMPATH\CodeIgniter.php(933): App\Controllers\Genres->delete('2')
 7 SYSTEMPATH\CodeIgniter.php(507): CodeIgniter\CodeIgniter->runController(Object(App\Controllers\Genres))
 8 SYSTEMPATH\CodeIgniter.php(354): CodeIgniter\CodeIgniter->handleRequest(null, Object(Config\Cache), false)
 9 SYSTEMPATH\Boot.php(334): CodeIgniter\CodeIgniter->run()
10 SYSTEMPATH\Boot.php(67): CodeIgniter\Boot::runCodeIgniter(Object(CodeIgniter\CodeIgniter))
11 FCPATH\index.php(59): CodeIgniter\Boot::bootWeb(Object(Config\Paths))
CRITICAL - 2025-05-28 05:34:02 --> [Caused by] mysqli_sql_exception: Unknown column 'genre_id' in 'where clause'
in SYSTEMPATH\Database\MySQLi\Connection.php on line 327.
 1 SYSTEMPATH\Database\MySQLi\Connection.php(327): mysqli->query('SELECT *
FROM `genres`
WHERE `genre_id` = \'2\'', 0)
 2 SYSTEMPATH\Database\BaseConnection.php(738): CodeIgniter\Database\MySQLi\Connection->execute('SELECT *
FROM `genres`
WHERE `genre_id` = \'2\'')
 3 SYSTEMPATH\Database\BaseConnection.php(652): CodeIgniter\Database\BaseConnection->simpleQuery('SELECT *
FROM `genres`
WHERE `genre_id` = \'2\'')
 4 SYSTEMPATH\Database\BaseBuilder.php(1649): CodeIgniter\Database\BaseConnection->query('SELECT *
FROM `genres`
WHERE `genre_id` = :genre_id:', [...], false)
 5 APPPATH\Models\GenresModel.php(43): CodeIgniter\Database\BaseBuilder->get()
 6 APPPATH\Controllers\Genres.php(100): App\Models\GenresModel->genreExists('2')
 7 SYSTEMPATH\CodeIgniter.php(933): App\Controllers\Genres->delete('2')
 8 SYSTEMPATH\CodeIgniter.php(507): CodeIgniter\CodeIgniter->runController(Object(App\Controllers\Genres))
 9 SYSTEMPATH\CodeIgniter.php(354): CodeIgniter\CodeIgniter->handleRequest(null, Object(Config\Cache), false)
10 SYSTEMPATH\Boot.php(334): CodeIgniter\CodeIgniter->run()
11 SYSTEMPATH\Boot.php(67): CodeIgniter\Boot::runCodeIgniter(Object(CodeIgniter\CodeIgniter))
12 FCPATH\index.php(59): CodeIgniter\Boot::bootWeb(Object(Config\Paths))
ERROR - 2025-05-28 05:34:13 --> mysqli_sql_exception: Unknown column 'genre_id' in 'where clause' in C:\xampp\htdocs\Cukkuboo\cukkuboo-php\system\Database\MySQLi\Connection.php:327
Stack trace:
#0 C:\xampp\htdocs\Cukkuboo\cukkuboo-php\system\Database\MySQLi\Connection.php(327): mysqli->query('SELECT *\nFROM `...', 0)
#1 C:\xampp\htdocs\Cukkuboo\cukkuboo-php\system\Database\BaseConnection.php(738): CodeIgniter\Database\MySQLi\Connection->execute('SELECT *\nFROM `...')
#2 C:\xampp\htdocs\Cukkuboo\cukkuboo-php\system\Database\BaseConnection.php(652): CodeIgniter\Database\BaseConnection->simpleQuery('SELECT *\nFROM `...')
#3 C:\xampp\htdocs\Cukkuboo\cukkuboo-php\system\Database\BaseBuilder.php(1649): CodeIgniter\Database\BaseConnection->query('SELECT *\nFROM `...', Array, false)
#4 C:\xampp\htdocs\Cukkuboo\cukkuboo-php\app\Models\GenresModel.php(43): CodeIgniter\Database\BaseBuilder->get()
#5 C:\xampp\htdocs\Cukkuboo\cukkuboo-php\app\Controllers\Genres.php(100): App\Models\GenresModel->genreExists('2')
#6 C:\xampp\htdocs\Cukkuboo\cukkuboo-php\system\CodeIgniter.php(933): App\Controllers\Genres->delete('2')
#7 C:\xampp\htdocs\Cukkuboo\cukkuboo-php\system\CodeIgniter.php(507): CodeIgniter\CodeIgniter->runController(Object(App\Controllers\Genres))
#8 C:\xampp\htdocs\Cukkuboo\cukkuboo-php\system\CodeIgniter.php(354): CodeIgniter\CodeIgniter->handleRequest(NULL, Object(Config\Cache), false)
#9 C:\xampp\htdocs\Cukkuboo\cukkuboo-php\system\Boot.php(334): CodeIgniter\CodeIgniter->run()
#10 C:\xampp\htdocs\Cukkuboo\cukkuboo-php\system\Boot.php(67): CodeIgniter\Boot::runCodeIgniter(Object(CodeIgniter\CodeIgniter))
#11 C:\xampp\htdocs\Cukkuboo\cukkuboo-php\index.php(59): CodeIgniter\Boot::bootWeb(Object(Config\Paths))
#12 {main}
CRITICAL - 2025-05-28 05:34:13 --> CodeIgniter\Database\Exceptions\DatabaseException: Unknown column 'genre_id' in 'where clause'
[Method: DELETE, Route: Genres/genres/2]
in SYSTEMPATH\Database\BaseConnection.php on line 692.
 1 SYSTEMPATH\Database\BaseBuilder.php(1649): CodeIgniter\Database\BaseConnection->query('SELECT *
FROM `genres`
WHERE `genre_id` = :genre_id:', [...], false)
 2 APPPATH\Models\GenresModel.php(43): CodeIgniter\Database\BaseBuilder->get()
 3 APPPATH\Controllers\Genres.php(100): App\Models\GenresModel->genreExists('2')
 4 SYSTEMPATH\CodeIgniter.php(933): App\Controllers\Genres->delete('2')
 5 SYSTEMPATH\CodeIgniter.php(507): CodeIgniter\CodeIgniter->runController(Object(App\Controllers\Genres))
 6 SYSTEMPATH\CodeIgniter.php(354): CodeIgniter\CodeIgniter->handleRequest(null, Object(Config\Cache), false)
 7 SYSTEMPATH\Boot.php(334): CodeIgniter\CodeIgniter->run()
 8 SYSTEMPATH\Boot.php(67): CodeIgniter\Boot::runCodeIgniter(Object(CodeIgniter\CodeIgniter))
 9 FCPATH\index.php(59): CodeIgniter\Boot::bootWeb(Object(Config\Paths))
CRITICAL - 2025-05-28 05:34:13 --> [Caused by] CodeIgniter\Database\Exceptions\DatabaseException: Unknown column 'genre_id' in 'where clause'
in SYSTEMPATH\Database\MySQLi\Connection.php on line 332.
 1 SYSTEMPATH\Database\BaseConnection.php(738): CodeIgniter\Database\MySQLi\Connection->execute('SELECT *
FROM `genres`
WHERE `genre_id` = \'2\'')
 2 SYSTEMPATH\Database\BaseConnection.php(652): CodeIgniter\Database\BaseConnection->simpleQuery('SELECT *
FROM `genres`
WHERE `genre_id` = \'2\'')
 3 SYSTEMPATH\Database\BaseBuilder.php(1649): CodeIgniter\Database\BaseConnection->query('SELECT *
FROM `genres`
WHERE `genre_id` = :genre_id:', [...], false)
 4 APPPATH\Models\GenresModel.php(43): CodeIgniter\Database\BaseBuilder->get()
 5 APPPATH\Controllers\Genres.php(100): App\Models\GenresModel->genreExists('2')
 6 SYSTEMPATH\CodeIgniter.php(933): App\Controllers\Genres->delete('2')
 7 SYSTEMPATH\CodeIgniter.php(507): CodeIgniter\CodeIgniter->runController(Object(App\Controllers\Genres))
 8 SYSTEMPATH\CodeIgniter.php(354): CodeIgniter\CodeIgniter->handleRequest(null, Object(Config\Cache), false)
 9 SYSTEMPATH\Boot.php(334): CodeIgniter\CodeIgniter->run()
10 SYSTEMPATH\Boot.php(67): CodeIgniter\Boot::runCodeIgniter(Object(CodeIgniter\CodeIgniter))
11 FCPATH\index.php(59): CodeIgniter\Boot::bootWeb(Object(Config\Paths))
CRITICAL - 2025-05-28 05:34:13 --> [Caused by] mysqli_sql_exception: Unknown column 'genre_id' in 'where clause'
in SYSTEMPATH\Database\MySQLi\Connection.php on line 327.
 1 SYSTEMPATH\Database\MySQLi\Connection.php(327): mysqli->query('SELECT *
FROM `genres`
WHERE `genre_id` = \'2\'', 0)
 2 SYSTEMPATH\Database\BaseConnection.php(738): CodeIgniter\Database\MySQLi\Connection->execute('SELECT *
FROM `genres`
WHERE `genre_id` = \'2\'')
 3 SYSTEMPATH\Database\BaseConnection.php(652): CodeIgniter\Database\BaseConnection->simpleQuery('SELECT *
FROM `genres`
WHERE `genre_id` = \'2\'')
 4 SYSTEMPATH\Database\BaseBuilder.php(1649): CodeIgniter\Database\BaseConnection->query('SELECT *
FROM `genres`
WHERE `genre_id` = :genre_id:', [...], false)
 5 APPPATH\Models\GenresModel.php(43): CodeIgniter\Database\BaseBuilder->get()
 6 APPPATH\Controllers\Genres.php(100): App\Models\GenresModel->genreExists('2')
 7 SYSTEMPATH\CodeIgniter.php(933): App\Controllers\Genres->delete('2')
 8 SYSTEMPATH\CodeIgniter.php(507): CodeIgniter\CodeIgniter->runController(Object(App\Controllers\Genres))
 9 SYSTEMPATH\CodeIgniter.php(354): CodeIgniter\CodeIgniter->handleRequest(null, Object(Config\Cache), false)
10 SYSTEMPATH\Boot.php(334): CodeIgniter\CodeIgniter->run()
11 SYSTEMPATH\Boot.php(67): CodeIgniter\Boot::runCodeIgniter(Object(CodeIgniter\CodeIgniter))
12 FCPATH\index.php(59): CodeIgniter\Boot::bootWeb(Object(Config\Paths))
CRITICAL - 2025-05-28 05:39:13 --> Error: Call to undefined method App\Controllers\Genres::failValidationError()
[Method: POST, Route: Genres/genres]
in APPPATH\Controllers\Genres.php on line 40.
 1 SYSTEMPATH\CodeIgniter.php(933): App\Controllers\Genres->create()
 2 SYSTEMPATH\CodeIgniter.php(507): CodeIgniter\CodeIgniter->runController(Object(App\Controllers\Genres))
 3 SYSTEMPATH\CodeIgniter.php(354): CodeIgniter\CodeIgniter->handleRequest(null, Object(Config\Cache), false)
 4 SYSTEMPATH\Boot.php(334): CodeIgniter\CodeIgniter->run()
 5 SYSTEMPATH\Boot.php(67): CodeIgniter\Boot::runCodeIgniter(Object(CodeIgniter\CodeIgniter))
 6 FCPATH\index.php(59): CodeIgniter\Boot::bootWeb(Object(Config\Paths))
CRITICAL - 2025-05-28 05:50:55 --> ErrorException: Undefined property: App\Controllers\Genres::$genreModel
[Method: DELETE, Route: Genres/genres/1]
in APPPATH\Controllers\Genres.php on line 100.
 1 APPPATH\Controllers\Genres.php(100): CodeIgniter\Debug\Exceptions->errorHandler(2, 'Undefined property: App\\Controllers\\Genres::$genreModel', 'C:\\xampp\\htdocs\\Cukkuboo\\cukkuboo-php\\app\\Controllers\\Genres.php', 100)
 2 SYSTEMPATH\CodeIgniter.php(933): App\Controllers\Genres->delete('1')
 3 SYSTEMPATH\CodeIgniter.php(507): CodeIgniter\CodeIgniter->runController(Object(App\Controllers\Genres))
 4 SYSTEMPATH\CodeIgniter.php(354): CodeIgniter\CodeIgniter->handleRequest(null, Object(Config\Cache), false)
 5 SYSTEMPATH\Boot.php(334): CodeIgniter\CodeIgniter->run()
 6 SYSTEMPATH\Boot.php(67): CodeIgniter\Boot::runCodeIgniter(Object(CodeIgniter\CodeIgniter))
 7 FCPATH\index.php(59): CodeIgniter\Boot::bootWeb(Object(Config\Paths))
CRITICAL - 2025-05-28 06:28:39 --> CodeIgniter\HTTP\Exceptions\HTTPException: Failed to parse JSON string. Error: Syntax error
[Method: POST, Route: Login/login]
in SYSTEMPATH\HTTP\IncomingRequest.php on line 537.
 1 SYSTEMPATH\HTTP\IncomingRequest.php(537): CodeIgniter\HTTP\Exceptions\HTTPException::forInvalidJSON('Syntax error')
 2 APPPATH\Controllers\Login.php(19): CodeIgniter\HTTP\IncomingRequest->getJSON(true)
 3 SYSTEMPATH\CodeIgniter.php(933): App\Controllers\Login->loginFun()
 4 SYSTEMPATH\CodeIgniter.php(507): CodeIgniter\CodeIgniter->runController(Object(App\Controllers\Login))
 5 SYSTEMPATH\CodeIgniter.php(354): CodeIgniter\CodeIgniter->handleRequest(null, Object(Config\Cache), false)
 6 SYSTEMPATH\Boot.php(334): CodeIgniter\CodeIgniter->run()
 7 SYSTEMPATH\Boot.php(67): CodeIgniter\Boot::runCodeIgniter(Object(CodeIgniter\CodeIgniter))
 8 FCPATH\index.php(59): CodeIgniter\Boot::bootWeb(Object(Config\Paths))
